#
# A fatal error has been detected by the Java Runtime Environment:
#
#  EXCEPTION_ACCESS_VIOLATION (0xc0000005) at pc=0x00007ffecd04a7db, pid=8016, tid=3136
#
# JRE version: Java(TM) SE Runtime Environment (13.0.2+8) (build 13.0.2+8)
# Java VM: Java HotSpot(TM) 64-Bit Server VM (13.0.2+8, mixed mode, sharing, tiered, compressed oops, g1 gc, windows-amd64)
# Problematic frame:
# V  [jvm.dll+0x5da7db]
#
# No core dump will be written. Minidumps are not enabled by default on client versions of Windows
#
# If you would like to submit a bug report, please visit:
#   http://bugreport.java.com/bugreport/crash.jsp
#

---------------  S U M M A R Y ------------

Command Line: -agentpath:C:/Program Files/NetBeans-11.2/netbeans/profiler/lib/deployed/jdk16/windows-amd64/profilerinterface.dll=C:\Program Files\NetBeans-11.2\netbeans\profiler\lib,5140,10 -XX:+HeapDumpOnOutOfMemoryError -XX:HeapDumpPath=C:\Users\Danilo\Documents\NetBeansProjects\SortingProfiler\nbproject\private\profiler com.mycompany.sortingprofiler.Main

Host: Intel(R) Core(TM) i7-9750H CPU @ 2.60GHz, 12 cores, 7G,  Windows 10 , 64 bit Build 17763 (10.0.17763.475)
Time: Thu Feb 13 07:49:22 2020 Central America Standard Time elapsed time: 2 seconds (0d 0h 0m 2s)

---------------  T H R E A D  ---------------

Current thread (0x00000185080c9800):  JavaThread "*** Profiler Agent Communication Thread" daemon [_thread_in_vm, id=3136, stack(0x0000006021800000,0x0000006021900000)]

Stack: [0x0000006021800000,0x0000006021900000],  sp=0x00000060218fea40,  free space=1018k
Native frames: (J=compiled Java code, j=interpreted, Vv=VM code, C=native code)
V  [jvm.dll+0x5da7db]
V  [jvm.dll+0x4a6f64]
C  [profilerinterface.dll+0x34da]

Java frames: (J=compiled Java code, j=interpreted, Vv=VM code)
j  org.netbeans.lib.profiler.server.system.Stacks.getMethodNamesForJMethodIds(I[I[I)[B+0
j  org.netbeans.lib.profiler.server.ProfilerInterface.getMethodNamesForJMethodIds([I)Lorg/netbeans/lib/profiler/wireprotocol/MethodNamesResponse;+20
j  org.netbeans.lib.profiler.server.ProfilerServer.handleClientCommand(Lorg/netbeans/lib/profiler/wireprotocol/Command;)V+691
j  org.netbeans.lib.profiler.server.ProfilerServer.listenToClient()V+48
j  org.netbeans.lib.profiler.server.ProfilerServer.run()V+22
v  ~StubRoutines::call_stub

siginfo: EXCEPTION_ACCESS_VIOLATION (0xc0000005), reading address 0x0000000008309918


Register to memory mapping:

RIP=0x00007ffecd04a7db jvm.dll
RAX=0x00000060218fea01 is pointing into the stack for thread: 0x00000185080c9800
RBX=0x00000185080c9800 is a thread
RCX=0x0000000008309918 is an unknown value
RDX=0x00000185080c9800 is a thread
RSP=0x00000060218fea40 is pointing into the stack for thread: 0x00000185080c9800
RBP=0x0000000008309918 is an unknown value
RSI=0x00000060218feb60 is pointing into the stack for thread: 0x00000185080c9800
RDI=0x0000018566165cb0 points into unknown readable memory: a0 58 47 cd fe 7f 00 00
R8 =0x00000060218feb60 is pointing into the stack for thread: 0x00000185080c9800
R9 =0x00000000000003e8 is an unknown value
R10=0x0000000000000001 is an unknown value
R11=0x00000060218fea38 is pointing into the stack for thread: 0x00000185080c9800
R12=0x00000185088e3650 points into unknown readable memory: 18 99 30 08 28 93 30 08
R13=0x0000000000000019 is an unknown value
R14=0x00007fff16a69c68 profilerinterface.dll
R15=0x00007fff16a69a60 profilerinterface.dll


Registers:
RAX=0x00000060218fea01, RBX=0x00000185080c9800, RCX=0x0000000008309918, RDX=0x00000185080c9800
RSP=0x00000060218fea40, RBP=0x0000000008309918, RSI=0x00000060218feb60, RDI=0x0000018566165cb0
R8 =0x00000060218feb60, R9 =0x00000000000003e8, R10=0x0000000000000001, R11=0x00000060218fea38
R12=0x00000185088e3650, R13=0x0000000000000019, R14=0x00007fff16a69c68, R15=0x00007fff16a69a60
RIP=0x00007ffecd04a7db, EFLAGS=0x0000000000010206

Top of Stack: (sp=0x00000060218fea40)
0x00000060218fea40:   0000000000000019 0000000000000000
0x00000060218fea50:   00000185080c9800 00000060218fec18
0x00000060218fea60:   00000185080c9800 00007ffeccf16f64
0x00000060218fea70:   00000000000003e8 00000185080c9800
0x00000060218fea80:   00000185080c9b10 00007fff231a9db0
0x00000060218fea90:   00000185080c9800 0000000000000000
0x00000060218feaa0:   0000018500000000 0000000000000000
0x00000060218feab0:   0000000008309918 00007fff16a634da
0x00000060218feac0:   0000000000000000 00000185080c9b10
0x00000060218fead0:   00000000000008a1 00000060218fec10
0x00000060218feae0:   00000185088e3650 00007ffeccde9177
0x00000060218feaf0:   00000060218feb10 0000018508049bd0
0x00000060218feb00:   00000000001532bb 000001857006fd87
0x00000060218feb10:   000001850797f130 00000185080c9800
0x00000060218feb20:   00000185080c9800 000001850797f130
0x00000060218feb30:   0000000000000000 0000018570019d50 

Instructions: (pc=0x00007ffecd04a7db)
0x00007ffecd04a6db:   c6 05 01 d5 47 00 01 eb 61 48 8b 54 24 20 45 33
0x00007ffecd04a6eb:   c0 48 8b 05 95 4e 43 00 48 83 c2 18 48 8b ce ff
0x00007ffecd04a6fb:   d0 48 85 c0 74 20 48 8b 44 24 20 48 8b d6 48 8b
0x00007ffecd04a70b:   48 08 48 8b 41 08 48 8b 48 18 48 8b 89 98 00 00
0x00007ffecd04a71b:   00 e8 1f f8 ff ff 38 1d 26 fc 49 00 74 13 48 8b
0x00007ffecd04a72b:   4c 24 20 48 8b d7 e8 8a 2b 00 00 48 39 5f 08 75
0x00007ffecd04a73b:   09 48 8b 44 24 20 48 8b 58 18 48 8d 4c 24 20 e8
0x00007ffecd04a74b:   51 99 d6 ff 48 8b 74 24 48 48 8b c3 48 8b 5c 24
0x00007ffecd04a75b:   40 48 83 c4 30 5f c3 cc cc cc cc cc cc cc cc cc
0x00007ffecd04a76b:   cc cc cc cc cc 48 8b 51 08 4c 8b c1 48 8b 42 08
0x00007ffecd04a77b:   0f b6 52 24 c0 ea 06 48 8b 48 18 8b 81 a4 00 00
0x00007ffecd04a78b:   00 f6 c2 01 75 27 48 85 c9 74 14 8b c8 c1 e9 09
0x00007ffecd04a79b:   f6 c1 01 74 0a 41 f7 40 20 02 04 00 00 74 0e 41
0x00007ffecd04a7ab:   8b 48 20 0b c8 f6 c1 10 74 03 b0 01 c3 41 83 78
0x00007ffecd04a7bb:   24 fe 0f 94 c0 c3 cc cc cc cc cc cc cc cc cc cc
0x00007ffecd04a7cb:   cc cc cc cc cc 40 53 48 83 ec 20 48 85 c9 74 24
0x00007ffecd04a7db:   48 8b 19 48 85 db 74 1c 48 83 fb 37 74 16 48 8b
0x00007ffecd04a7eb:   13 48 8b cb ff 52 10 84 c0 74 09 48 8b c3 48 83
0x00007ffecd04a7fb:   c4 20 5b c3 33 c0 48 83 c4 20 5b c3 cc cc cc cc
0x00007ffecd04a80b:   cc cc cc cc cc 40 53 55 41 56 41 57 48 83 ec 28
0x00007ffecd04a81b:   48 8b 41 08 33 ed 4c 8b f1 48 8b 50 08 4c 8b 7a
0x00007ffecd04a82b:   18 49 8b 9f 78 01 00 00 48 85 db 0f 84 d5 00 00
0x00007ffecd04a83b:   00 8b 15 52 af 4e 00 65 48 8b 04 25 58 00 00 00
0x00007ffecd04a84b:   48 89 74 24 50 4c 89 64 24 60 4c 89 6c 24 20 41
0x00007ffecd04a85b:   bd ff ff 00 00 4c 8d 24 d0 41 b8 08 00 00 00 48
0x00007ffecd04a86b:   89 7c 24 58 90 49 8b 56 08 48 8b 73 10 0f b7 42
0x00007ffecd04a87b:   2a 66 39 43 08 75 6c 0f b7 42 2c 66 39 43 0a 75
0x00007ffecd04a88b:   62 48 63 4b 04 0f b6 03 88 44 11 38 49 8b 04 24
0x00007ffecd04a89b:   41 8b c8 48 8b 3c 01 49 8b ce 48 8b d7 e8 f3 4d
0x00007ffecd04a8ab:   bd ff 48 83 7f 08 00 75 0a 48 85 c0 74 05 66 44
0x00007ffecd04a8bb:   01 68 16 48 85 ed 74 14 48 8b cb 48 89 75 10 e8
0x00007ffecd04a8cb:   81 e3 ad ff 41 b8 08 00 00 00 eb 1a 48 8b cb 49 


Stack slot to memory mapping:
stack at sp + 0 slots: 0x0000000000000019 is an unknown value
stack at sp + 1 slots: 0x0 is NULL
stack at sp + 2 slots: 0x00000185080c9800 is a thread
stack at sp + 3 slots: 0x00000060218fec18 is pointing into the stack for thread: 0x00000185080c9800
stack at sp + 4 slots: 0x00000185080c9800 is a thread
stack at sp + 5 slots: 0x00007ffeccf16f64 jvm.dll
stack at sp + 6 slots: 0x00000000000003e8 is an unknown value
stack at sp + 7 slots: 0x00000185080c9800 is a thread


---------------  P R O C E S S  ---------------

Threads class SMR info:
_java_thread_list=0x000001850814f210, length=15, elements={
0x0000018566351000, 0x00000185075fd000, 0x0000018507602000, 0x0000018507627800,
0x000001850762b800, 0x000001850762d800, 0x0000018507632000, 0x0000018507633000,
0x00000185080a7800, 0x00000185080c9800, 0x000001850810c800, 0x000001850810e000,
0x0000018508a86800, 0x0000018508a87800, 0x0000018508084000
}

Java Threads: ( => current thread )
  0x0000018566351000 JavaThread "main" [_thread_blocked, id=5836, stack(0x0000006020900000,0x0000006020a00000)]
  0x00000185075fd000 JavaThread "Reference Handler" daemon [_thread_blocked, id=17340, stack(0x0000006021000000,0x0000006021100000)]
  0x0000018507602000 JavaThread "Finalizer" daemon [_thread_blocked, id=18132, stack(0x0000006021100000,0x0000006021200000)]
  0x0000018507627800 JavaThread "Signal Dispatcher" daemon [_thread_blocked, id=1228, stack(0x0000006021200000,0x0000006021300000)]
  0x000001850762b800 JavaThread "Attach Listener" daemon [_thread_blocked, id=4796, stack(0x0000006021300000,0x0000006021400000)]
  0x000001850762d800 JavaThread "C2 CompilerThread0" daemon [_thread_blocked, id=6120, stack(0x0000006021400000,0x0000006021500000)]
  0x0000018507632000 JavaThread "C1 CompilerThread0" daemon [_thread_blocked, id=16588, stack(0x0000006021500000,0x0000006021600000)]
  0x0000018507633000 JavaThread "Sweeper thread" daemon [_thread_blocked, id=13364, stack(0x0000006021600000,0x0000006021700000)]
  0x00000185080a7800 JavaThread "Common-Cleaner" daemon [_thread_blocked, id=2200, stack(0x0000006021700000,0x0000006021800000)]
=>0x00000185080c9800 JavaThread "*** Profiler Agent Communication Thread" daemon [_thread_in_vm, id=3136, stack(0x0000006021800000,0x0000006021900000)]
  0x000001850810c800 JavaThread "*** JFluid Monitor thread ***" daemon [_thread_blocked, id=6628, stack(0x0000006021900000,0x0000006021a00000)]
  0x000001850810e000 JavaThread "*** Profiler Agent Special Execution Thread 6" daemon [_thread_blocked, id=7432, stack(0x0000006021a00000,0x0000006021b00000)]
  0x0000018508a86800 JavaThread "*** Profiler Agent Special Execution Thread 10" daemon [_thread_blocked, id=14508, stack(0x0000006021c00000,0x0000006021d00000)]
  0x0000018508a87800 JavaThread "Service Thread" daemon [_thread_blocked, id=7276, stack(0x0000006021b00000,0x0000006021c00000)]
  0x0000018508084000 JavaThread "*** Profiler Agent Special Execution Thread 7" [_thread_blocked, id=16316, stack(0x0000006021e00000,0x0000006021f00000)]

Other Threads:
  0x0000018507609800 VMThread "VM Thread" [stack: 0x0000006020f00000,0x0000006021000000] [id=11372] _threads_hazard_ptr=0x000001850814f210
  0x0000018508a78800 WatcherThread [stack: 0x0000006021d00000,0x0000006021e00000] [id=5136]
  0x0000018566396000 GCTaskThread "GC Thread#0" [stack: 0x0000006020a00000,0x0000006020b00000] [id=1364]
  0x00000185663a8000 ConcurrentGCThread "G1 Main Marker" [stack: 0x0000006020b00000,0x0000006020c00000] [id=16840]
  0x00000185663ab000 ConcurrentGCThread "G1 Conc#0" [stack: 0x0000006020c00000,0x0000006020d00000] [id=17992]
  0x0000018507474800 ConcurrentGCThread "G1 Refine#0" [stack: 0x0000006020d00000,0x0000006020e00000] [id=5172]
  0x0000018507476800 ConcurrentGCThread "G1 Young RemSet Sampling" [stack: 0x0000006020e00000,0x0000006020f00000] [id=5976]

Threads with active compile tasks:

VM state:synchronizing (normal execution)

VM Mutex/Monitor currently owned by a thread:  ([mutex/lock_event])
[0x000001856616b220] Threads_lock - owner thread: 0x0000018507609800

Heap address: 0x0000000082600000, size: 2010 MB, Compressed Oops mode: 32-bit
Narrow klass base: 0x0000000800000000, Narrow klass shift: 3
Compressed class space size: 1073741824 Address: 0x0000000800b40000

Heap:
 garbage-first heap   total 129024K, used 8192K [0x0000000082600000, 0x0000000100000000)
  region size 1024K, 7 young (7168K), 0 survivors (0K)
 Metaspace       used 4674K, capacity 4866K, committed 4992K, reserved 1056768K
  class space    used 517K, capacity 571K, committed 640K, reserved 1048576K
Heap Regions: E=young(eden), S=young(survivor), O=old, HS=humongous(starts), HC=humongous(continues), CS=collection set, F=free, A=archive, TAMS=top-at-mark-start (previous, next)
|   0|0x0000000082600000, 0x0000000082700000, 0x0000000082700000|100%|HS|  |TAMS 0x0000000082600000, 0x0000000082600000| Complete 
|   1|0x0000000082700000, 0x0000000082800000, 0x0000000082800000|100%|HC|  |TAMS 0x0000000082700000, 0x0000000082700000| Complete 
|   2|0x0000000082800000, 0x0000000082800000, 0x0000000082900000|  0%| F|  |TAMS 0x0000000082800000, 0x0000000082800000| Untracked 
|   3|0x0000000082900000, 0x0000000082900000, 0x0000000082a00000|  0%| F|  |TAMS 0x0000000082900000, 0x0000000082900000| Untracked 
|   4|0x0000000082a00000, 0x0000000082a00000, 0x0000000082b00000|  0%| F|  |TAMS 0x0000000082a00000, 0x0000000082a00000| Untracked 
|   5|0x0000000082b00000, 0x0000000082b00000, 0x0000000082c00000|  0%| F|  |TAMS 0x0000000082b00000, 0x0000000082b00000| Untracked 
|   6|0x0000000082c00000, 0x0000000082c00000, 0x0000000082d00000|  0%| F|  |TAMS 0x0000000082c00000, 0x0000000082c00000| Untracked 
|   7|0x0000000082d00000, 0x0000000082d00000, 0x0000000082e00000|  0%| F|  |TAMS 0x0000000082d00000, 0x0000000082d00000| Untracked 
|   8|0x0000000082e00000, 0x0000000082e00000, 0x0000000082f00000|  0%| F|  |TAMS 0x0000000082e00000, 0x0000000082e00000| Untracked 
|   9|0x0000000082f00000, 0x0000000082f00000, 0x0000000083000000|  0%| F|  |TAMS 0x0000000082f00000, 0x0000000082f00000| Untracked 
|  10|0x0000000083000000, 0x0000000083000000, 0x0000000083100000|  0%| F|  |TAMS 0x0000000083000000, 0x0000000083000000| Untracked 
|  11|0x0000000083100000, 0x0000000083100000, 0x0000000083200000|  0%| F|  |TAMS 0x0000000083100000, 0x0000000083100000| Untracked 
|  12|0x0000000083200000, 0x0000000083200000, 0x0000000083300000|  0%| F|  |TAMS 0x0000000083200000, 0x0000000083200000| Untracked 
|  13|0x0000000083300000, 0x0000000083300000, 0x0000000083400000|  0%| F|  |TAMS 0x0000000083300000, 0x0000000083300000| Untracked 
|  14|0x0000000083400000, 0x0000000083400000, 0x0000000083500000|  0%| F|  |TAMS 0x0000000083400000, 0x0000000083400000| Untracked 
|  15|0x0000000083500000, 0x0000000083500000, 0x0000000083600000|  0%| F|  |TAMS 0x0000000083500000, 0x0000000083500000| Untracked 
|  16|0x0000000083600000, 0x0000000083600000, 0x0000000083700000|  0%| F|  |TAMS 0x0000000083600000, 0x0000000083600000| Untracked 
|  17|0x0000000083700000, 0x0000000083700000, 0x0000000083800000|  0%| F|  |TAMS 0x0000000083700000, 0x0000000083700000| Untracked 
|  18|0x0000000083800000, 0x0000000083800000, 0x0000000083900000|  0%| F|  |TAMS 0x0000000083800000, 0x0000000083800000| Untracked 
|  19|0x0000000083900000, 0x0000000083900000, 0x0000000083a00000|  0%| F|  |TAMS 0x0000000083900000, 0x0000000083900000| Untracked 
|  20|0x0000000083a00000, 0x0000000083a00000, 0x0000000083b00000|  0%| F|  |TAMS 0x0000000083a00000, 0x0000000083a00000| Untracked 
|  21|0x0000000083b00000, 0x0000000083b00000, 0x0000000083c00000|  0%| F|  |TAMS 0x0000000083b00000, 0x0000000083b00000| Untracked 
|  22|0x0000000083c00000, 0x0000000083c00000, 0x0000000083d00000|  0%| F|  |TAMS 0x0000000083c00000, 0x0000000083c00000| Untracked 
|  23|0x0000000083d00000, 0x0000000083d00000, 0x0000000083e00000|  0%| F|  |TAMS 0x0000000083d00000, 0x0000000083d00000| Untracked 
|  24|0x0000000083e00000, 0x0000000083e00000, 0x0000000083f00000|  0%| F|  |TAMS 0x0000000083e00000, 0x0000000083e00000| Untracked 
|  25|0x0000000083f00000, 0x0000000083f00000, 0x0000000084000000|  0%| F|  |TAMS 0x0000000083f00000, 0x0000000083f00000| Untracked 
|  26|0x0000000084000000, 0x0000000084000000, 0x0000000084100000|  0%| F|  |TAMS 0x0000000084000000, 0x0000000084000000| Untracked 
|  27|0x0000000084100000, 0x0000000084100000, 0x0000000084200000|  0%| F|  |TAMS 0x0000000084100000, 0x0000000084100000| Untracked 
|  28|0x0000000084200000, 0x0000000084200000, 0x0000000084300000|  0%| F|  |TAMS 0x0000000084200000, 0x0000000084200000| Untracked 
|  29|0x0000000084300000, 0x0000000084300000, 0x0000000084400000|  0%| F|  |TAMS 0x0000000084300000, 0x0000000084300000| Untracked 
|  30|0x0000000084400000, 0x0000000084400000, 0x0000000084500000|  0%| F|  |TAMS 0x0000000084400000, 0x0000000084400000| Untracked 
|  31|0x0000000084500000, 0x0000000084500000, 0x0000000084600000|  0%| F|  |TAMS 0x0000000084500000, 0x0000000084500000| Untracked 
|  32|0x0000000084600000, 0x0000000084600000, 0x0000000084700000|  0%| F|  |TAMS 0x0000000084600000, 0x0000000084600000| Untracked 
|  33|0x0000000084700000, 0x0000000084700000, 0x0000000084800000|  0%| F|  |TAMS 0x0000000084700000, 0x0000000084700000| Untracked 
|  34|0x0000000084800000, 0x0000000084800000, 0x0000000084900000|  0%| F|  |TAMS 0x0000000084800000, 0x0000000084800000| Untracked 
|  35|0x0000000084900000, 0x0000000084900000, 0x0000000084a00000|  0%| F|  |TAMS 0x0000000084900000, 0x0000000084900000| Untracked 
|  36|0x0000000084a00000, 0x0000000084a00000, 0x0000000084b00000|  0%| F|  |TAMS 0x0000000084a00000, 0x0000000084a00000| Untracked 
|  37|0x0000000084b00000, 0x0000000084b00000, 0x0000000084c00000|  0%| F|  |TAMS 0x0000000084b00000, 0x0000000084b00000| Untracked 
|  38|0x0000000084c00000, 0x0000000084c00000, 0x0000000084d00000|  0%| F|  |TAMS 0x0000000084c00000, 0x0000000084c00000| Untracked 
|  39|0x0000000084d00000, 0x0000000084d00000, 0x0000000084e00000|  0%| F|  |TAMS 0x0000000084d00000, 0x0000000084d00000| Untracked 
|  40|0x0000000084e00000, 0x0000000084e00000, 0x0000000084f00000|  0%| F|  |TAMS 0x0000000084e00000, 0x0000000084e00000| Untracked 
|  41|0x0000000084f00000, 0x0000000084f00000, 0x0000000085000000|  0%| F|  |TAMS 0x0000000084f00000, 0x0000000084f00000| Untracked 
|  42|0x0000000085000000, 0x0000000085000000, 0x0000000085100000|  0%| F|  |TAMS 0x0000000085000000, 0x0000000085000000| Untracked 
|  43|0x0000000085100000, 0x0000000085100000, 0x0000000085200000|  0%| F|  |TAMS 0x0000000085100000, 0x0000000085100000| Untracked 
|  44|0x0000000085200000, 0x0000000085200000, 0x0000000085300000|  0%| F|  |TAMS 0x0000000085200000, 0x0000000085200000| Untracked 
|  45|0x0000000085300000, 0x0000000085300000, 0x0000000085400000|  0%| F|  |TAMS 0x0000000085300000, 0x0000000085300000| Untracked 
|  46|0x0000000085400000, 0x0000000085400000, 0x0000000085500000|  0%| F|  |TAMS 0x0000000085400000, 0x0000000085400000| Untracked 
|  47|0x0000000085500000, 0x0000000085500000, 0x0000000085600000|  0%| F|  |TAMS 0x0000000085500000, 0x0000000085500000| Untracked 
|  48|0x0000000085600000, 0x0000000085600000, 0x0000000085700000|  0%| F|  |TAMS 0x0000000085600000, 0x0000000085600000| Untracked 
|  49|0x0000000085700000, 0x0000000085700000, 0x0000000085800000|  0%| F|  |TAMS 0x0000000085700000, 0x0000000085700000| Untracked 
|  50|0x0000000085800000, 0x0000000085800000, 0x0000000085900000|  0%| F|  |TAMS 0x0000000085800000, 0x0000000085800000| Untracked 
|  51|0x0000000085900000, 0x0000000085900000, 0x0000000085a00000|  0%| F|  |TAMS 0x0000000085900000, 0x0000000085900000| Untracked 
|  52|0x0000000085a00000, 0x0000000085a00000, 0x0000000085b00000|  0%| F|  |TAMS 0x0000000085a00000, 0x0000000085a00000| Untracked 
|  53|0x0000000085b00000, 0x0000000085b00000, 0x0000000085c00000|  0%| F|  |TAMS 0x0000000085b00000, 0x0000000085b00000| Untracked 
|  54|0x0000000085c00000, 0x0000000085c00000, 0x0000000085d00000|  0%| F|  |TAMS 0x0000000085c00000, 0x0000000085c00000| Untracked 
|  55|0x0000000085d00000, 0x0000000085d00000, 0x0000000085e00000|  0%| F|  |TAMS 0x0000000085d00000, 0x0000000085d00000| Untracked 
|  56|0x0000000085e00000, 0x0000000085e00000, 0x0000000085f00000|  0%| F|  |TAMS 0x0000000085e00000, 0x0000000085e00000| Untracked 
|  57|0x0000000085f00000, 0x0000000085f00000, 0x0000000086000000|  0%| F|  |TAMS 0x0000000085f00000, 0x0000000085f00000| Untracked 
|  58|0x0000000086000000, 0x0000000086000000, 0x0000000086100000|  0%| F|  |TAMS 0x0000000086000000, 0x0000000086000000| Untracked 
|  59|0x0000000086100000, 0x0000000086100000, 0x0000000086200000|  0%| F|  |TAMS 0x0000000086100000, 0x0000000086100000| Untracked 
|  60|0x0000000086200000, 0x0000000086200000, 0x0000000086300000|  0%| F|  |TAMS 0x0000000086200000, 0x0000000086200000| Untracked 
|  61|0x0000000086300000, 0x0000000086300000, 0x0000000086400000|  0%| F|  |TAMS 0x0000000086300000, 0x0000000086300000| Untracked 
|  62|0x0000000086400000, 0x0000000086400000, 0x0000000086500000|  0%| F|  |TAMS 0x0000000086400000, 0x0000000086400000| Untracked 
|  63|0x0000000086500000, 0x0000000086500000, 0x0000000086600000|  0%| F|  |TAMS 0x0000000086500000, 0x0000000086500000| Untracked 
|  64|0x0000000086600000, 0x0000000086600000, 0x0000000086700000|  0%| F|  |TAMS 0x0000000086600000, 0x0000000086600000| Untracked 
|  65|0x0000000086700000, 0x0000000086700000, 0x0000000086800000|  0%| F|  |TAMS 0x0000000086700000, 0x0000000086700000| Untracked 
|  66|0x0000000086800000, 0x0000000086800000, 0x0000000086900000|  0%| F|  |TAMS 0x0000000086800000, 0x0000000086800000| Untracked 
|  67|0x0000000086900000, 0x0000000086900000, 0x0000000086a00000|  0%| F|  |TAMS 0x0000000086900000, 0x0000000086900000| Untracked 
|  68|0x0000000086a00000, 0x0000000086a00000, 0x0000000086b00000|  0%| F|  |TAMS 0x0000000086a00000, 0x0000000086a00000| Untracked 
|  69|0x0000000086b00000, 0x0000000086b00000, 0x0000000086c00000|  0%| F|  |TAMS 0x0000000086b00000, 0x0000000086b00000| Untracked 
|  70|0x0000000086c00000, 0x0000000086c00000, 0x0000000086d00000|  0%| F|  |TAMS 0x0000000086c00000, 0x0000000086c00000| Untracked 
|  71|0x0000000086d00000, 0x0000000086d00000, 0x0000000086e00000|  0%| F|  |TAMS 0x0000000086d00000, 0x0000000086d00000| Untracked 
|  72|0x0000000086e00000, 0x0000000086e00000, 0x0000000086f00000|  0%| F|  |TAMS 0x0000000086e00000, 0x0000000086e00000| Untracked 
|  73|0x0000000086f00000, 0x0000000086f00000, 0x0000000087000000|  0%| F|  |TAMS 0x0000000086f00000, 0x0000000086f00000| Untracked 
|  74|0x0000000087000000, 0x0000000087000000, 0x0000000087100000|  0%| F|  |TAMS 0x0000000087000000, 0x0000000087000000| Untracked 
|  75|0x0000000087100000, 0x0000000087100000, 0x0000000087200000|  0%| F|  |TAMS 0x0000000087100000, 0x0000000087100000| Untracked 
|  76|0x0000000087200000, 0x0000000087200000, 0x0000000087300000|  0%| F|  |TAMS 0x0000000087200000, 0x0000000087200000| Untracked 
|  77|0x0000000087300000, 0x0000000087300000, 0x0000000087400000|  0%| F|  |TAMS 0x0000000087300000, 0x0000000087300000| Untracked 
|  78|0x0000000087400000, 0x0000000087400000, 0x0000000087500000|  0%| F|  |TAMS 0x0000000087400000, 0x0000000087400000| Untracked 
|  79|0x0000000087500000, 0x0000000087500000, 0x0000000087600000|  0%| F|  |TAMS 0x0000000087500000, 0x0000000087500000| Untracked 
|  80|0x0000000087600000, 0x0000000087600000, 0x0000000087700000|  0%| F|  |TAMS 0x0000000087600000, 0x0000000087600000| Untracked 
|  81|0x0000000087700000, 0x0000000087700000, 0x0000000087800000|  0%| F|  |TAMS 0x0000000087700000, 0x0000000087700000| Untracked 
|  82|0x0000000087800000, 0x0000000087800000, 0x0000000087900000|  0%| F|  |TAMS 0x0000000087800000, 0x0000000087800000| Untracked 
|  83|0x0000000087900000, 0x0000000087900000, 0x0000000087a00000|  0%| F|  |TAMS 0x0000000087900000, 0x0000000087900000| Untracked 
|  84|0x0000000087a00000, 0x0000000087a00000, 0x0000000087b00000|  0%| F|  |TAMS 0x0000000087a00000, 0x0000000087a00000| Untracked 
|  85|0x0000000087b00000, 0x0000000087b00000, 0x0000000087c00000|  0%| F|  |TAMS 0x0000000087b00000, 0x0000000087b00000| Untracked 
|  86|0x0000000087c00000, 0x0000000087c00000, 0x0000000087d00000|  0%| F|  |TAMS 0x0000000087c00000, 0x0000000087c00000| Untracked 
|  87|0x0000000087d00000, 0x0000000087d00000, 0x0000000087e00000|  0%| F|  |TAMS 0x0000000087d00000, 0x0000000087d00000| Untracked 
|  88|0x0000000087e00000, 0x0000000087e00000, 0x0000000087f00000|  0%| F|  |TAMS 0x0000000087e00000, 0x0000000087e00000| Untracked 
|  89|0x0000000087f00000, 0x0000000087f00000, 0x0000000088000000|  0%| F|  |TAMS 0x0000000087f00000, 0x0000000087f00000| Untracked 
|  90|0x0000000088000000, 0x0000000088000000, 0x0000000088100000|  0%| F|  |TAMS 0x0000000088000000, 0x0000000088000000| Untracked 
|  91|0x0000000088100000, 0x0000000088100000, 0x0000000088200000|  0%| F|  |TAMS 0x0000000088100000, 0x0000000088100000| Untracked 
|  92|0x0000000088200000, 0x0000000088200000, 0x0000000088300000|  0%| F|  |TAMS 0x0000000088200000, 0x0000000088200000| Untracked 
|  93|0x0000000088300000, 0x0000000088300000, 0x0000000088400000|  0%| F|  |TAMS 0x0000000088300000, 0x0000000088300000| Untracked 
|  94|0x0000000088400000, 0x0000000088400000, 0x0000000088500000|  0%| F|  |TAMS 0x0000000088400000, 0x0000000088400000| Untracked 
|  95|0x0000000088500000, 0x0000000088500000, 0x0000000088600000|  0%| F|  |TAMS 0x0000000088500000, 0x0000000088500000| Untracked 
|  96|0x0000000088600000, 0x0000000088600000, 0x0000000088700000|  0%| F|  |TAMS 0x0000000088600000, 0x0000000088600000| Untracked 
|  97|0x0000000088700000, 0x0000000088700000, 0x0000000088800000|  0%| F|  |TAMS 0x0000000088700000, 0x0000000088700000| Untracked 
|  98|0x0000000088800000, 0x0000000088800000, 0x0000000088900000|  0%| F|  |TAMS 0x0000000088800000, 0x0000000088800000| Untracked 
|  99|0x0000000088900000, 0x0000000088900000, 0x0000000088a00000|  0%| F|  |TAMS 0x0000000088900000, 0x0000000088900000| Untracked 
| 100|0x0000000088a00000, 0x0000000088a00000, 0x0000000088b00000|  0%| F|  |TAMS 0x0000000088a00000, 0x0000000088a00000| Untracked 
| 101|0x0000000088b00000, 0x0000000088b00000, 0x0000000088c00000|  0%| F|  |TAMS 0x0000000088b00000, 0x0000000088b00000| Untracked 
| 102|0x0000000088c00000, 0x0000000088c00000, 0x0000000088d00000|  0%| F|  |TAMS 0x0000000088c00000, 0x0000000088c00000| Untracked 
| 103|0x0000000088d00000, 0x0000000088d00000, 0x0000000088e00000|  0%| F|  |TAMS 0x0000000088d00000, 0x0000000088d00000| Untracked 
| 104|0x0000000088e00000, 0x0000000088e00000, 0x0000000088f00000|  0%| F|  |TAMS 0x0000000088e00000, 0x0000000088e00000| Untracked 
| 105|0x0000000088f00000, 0x0000000088f00000, 0x0000000089000000|  0%| F|  |TAMS 0x0000000088f00000, 0x0000000088f00000| Untracked 
| 106|0x0000000089000000, 0x0000000089000000, 0x0000000089100000|  0%| F|  |TAMS 0x0000000089000000, 0x0000000089000000| Untracked 
| 107|0x0000000089100000, 0x0000000089100000, 0x0000000089200000|  0%| F|  |TAMS 0x0000000089100000, 0x0000000089100000| Untracked 
| 108|0x0000000089200000, 0x0000000089200000, 0x0000000089300000|  0%| F|  |TAMS 0x0000000089200000, 0x0000000089200000| Untracked 
| 109|0x0000000089300000, 0x0000000089300000, 0x0000000089400000|  0%| F|  |TAMS 0x0000000089300000, 0x0000000089300000| Untracked 
| 110|0x0000000089400000, 0x0000000089400000, 0x0000000089500000|  0%| F|  |TAMS 0x0000000089400000, 0x0000000089400000| Untracked 
| 111|0x0000000089500000, 0x0000000089500000, 0x0000000089600000|  0%| F|  |TAMS 0x0000000089500000, 0x0000000089500000| Untracked 
| 112|0x0000000089600000, 0x0000000089600000, 0x0000000089700000|  0%| F|  |TAMS 0x0000000089600000, 0x0000000089600000| Untracked 
| 113|0x0000000089700000, 0x0000000089700000, 0x0000000089800000|  0%| F|  |TAMS 0x0000000089700000, 0x0000000089700000| Untracked 
| 114|0x0000000089800000, 0x0000000089800000, 0x0000000089900000|  0%| F|  |TAMS 0x0000000089800000, 0x0000000089800000| Untracked 
| 115|0x0000000089900000, 0x0000000089900000, 0x0000000089a00000|  0%| F|  |TAMS 0x0000000089900000, 0x0000000089900000| Untracked 
| 116|0x0000000089a00000, 0x0000000089a00000, 0x0000000089b00000|  0%| F|  |TAMS 0x0000000089a00000, 0x0000000089a00000| Untracked 
| 117|0x0000000089b00000, 0x0000000089b00000, 0x0000000089c00000|  0%| F|  |TAMS 0x0000000089b00000, 0x0000000089b00000| Untracked 
| 118|0x0000000089c00000, 0x0000000089c00000, 0x0000000089d00000|  0%| F|  |TAMS 0x0000000089c00000, 0x0000000089c00000| Untracked 
| 119|0x0000000089d00000, 0x0000000089e00000, 0x0000000089e00000|100%| E|  |TAMS 0x0000000089d00000, 0x0000000089d00000| Complete 
| 120|0x0000000089e00000, 0x0000000089f00000, 0x0000000089f00000|100%| E|CS|TAMS 0x0000000089e00000, 0x0000000089e00000| Complete 
| 121|0x0000000089f00000, 0x000000008a000000, 0x000000008a000000|100%| E|CS|TAMS 0x0000000089f00000, 0x0000000089f00000| Complete 
| 122|0x000000008a000000, 0x000000008a100000, 0x000000008a100000|100%| E|CS|TAMS 0x000000008a000000, 0x000000008a000000| Complete 
| 123|0x000000008a100000, 0x000000008a200000, 0x000000008a200000|100%| E|CS|TAMS 0x000000008a100000, 0x000000008a100000| Complete 
| 124|0x000000008a200000, 0x000000008a300000, 0x000000008a300000|100%| E|CS|TAMS 0x000000008a200000, 0x000000008a200000| Complete 
| 125|0x000000008a300000, 0x000000008a400000, 0x000000008a400000|100%| E|CS|TAMS 0x000000008a300000, 0x000000008a300000| Complete 

Card table byte_map: [0x00000185003f0000,0x00000185007e0000] _byte_map_base: 0x00000184fffdd000

Marking Bits (Prev, Next): (CMBitMap*) 0x00000185663979b8, (CMBitMap*) 0x00000185663979f8
 Prev Bits: [0x0000018500bd0000, 0x0000018502b38000)
 Next Bits: [0x0000018502b40000, 0x0000018504aa8000)

Polling page: 0x0000018566050000

Metaspace:

Usage:
  Non-class:      4.19 MB capacity,     4.06 MB ( 97%) used,   125.83 KB (  3%) free+waste,    11.56 KB ( <1%) overhead. 
      Class:    571.00 KB capacity,   517.19 KB ( 91%) used,    46.38 KB (  8%) free+waste,     7.44 KB (  1%) overhead. 
       Both:      4.75 MB capacity,     4.57 MB ( 96%) used,   172.20 KB (  4%) free+waste,    19.00 KB ( <1%) overhead. 

Virtual space:
  Non-class space:        8.00 MB reserved,       4.25 MB ( 53%) committed 
      Class space:        1.00 GB reserved,     640.00 KB ( <1%) committed 
             Both:        1.01 GB reserved,       4.88 MB ( <1%) committed 

Chunk freelists:
   Non-Class:  1.00 KB
       Class:  5.00 KB
        Both:  6.00 KB

MaxMetaspaceSize: 17179869184.00 GB
CompressedClassSpaceSize: 1.00 GB

CodeHeap 'non-profiled nmethods': size=120000Kb used=200Kb max_used=200Kb free=119799Kb
 bounds [0x0000018577ae0000, 0x0000018577d50000, 0x000001857f010000]
CodeHeap 'profiled nmethods': size=120000Kb used=1070Kb max_used=1070Kb free=118929Kb
 bounds [0x00000185705b0000, 0x0000018570820000, 0x0000018577ae0000]
CodeHeap 'non-nmethods': size=5760Kb used=1189Kb max_used=1204Kb free=4570Kb
 bounds [0x0000018570010000, 0x0000018570280000, 0x00000185705b0000]
 total_blobs=1482 nmethods=660 adapters=357
 compilation: enabled
              stopped_count=0, restarted_count=0
 full_count=0

Compilation events (20 events):
Event: 1.956 Thread 0x0000018507632000  650       3       java.util.Objects::checkFromIndexSize (8 bytes)
Event: 1.957 Thread 0x0000018507632000 nmethod 650 0x00000185706b8610 code [0x00000185706b87c0, 0x00000185706b8a30]
Event: 1.957 Thread 0x0000018507632000  651       3       jdk.internal.util.Preconditions::checkFromIndexSize (25 bytes)
Event: 1.958 Thread 0x0000018507632000 nmethod 651 0x00000185706b8b10 code [0x00000185706b8d20, 0x00000185706b95c0]
Event: 2.020 Thread 0x0000018507632000  652       3       java.lang.Long::hashCode (8 bytes)
Event: 2.020 Thread 0x0000018507632000 nmethod 652 0x00000185706b9810 code [0x00000185706b99c0, 0x00000185706b9bb8]
Event: 2.020 Thread 0x0000018507632000  653       3       java.lang.Long::hashCode (8 bytes)
Event: 2.021 Thread 0x0000018507632000 nmethod 653 0x00000185706b9c90 code [0x00000185706b9e20, 0x00000185706b9f78]
Event: 2.035 Thread 0x0000018507632000  654       3       org.netbeans.lib.profiler.server.ThreadInfo::isProfilerServerThread (36 bytes)
Event: 2.035 Thread 0x0000018507632000 nmethod 654 0x00000185706ba010 code [0x00000185706ba1c0, 0x00000185706ba498]
Event: 2.050 Thread 0x0000018507632000  655       1       java.nio.Buffer::capacity (5 bytes)
Event: 2.050 Thread 0x0000018507632000 nmethod 655 0x0000018577b11710 code [0x0000018577b118a0, 0x0000018577b119d8]
Event: 2.071 Thread 0x0000018507632000  657       3       jdk.internal.misc.Unsafe::getLongUnaligned (173 bytes)
Event: 2.072 Thread 0x0000018507632000 nmethod 657 0x00000185706ba590 code [0x00000185706ba780, 0x00000185706badc0]
Event: 2.171 Thread 0x0000018507632000  658       1       java.lang.Thread::getId (5 bytes)
Event: 2.171 Thread 0x0000018507632000 nmethod 658 0x0000018577b11f10 code [0x0000018577b120a0, 0x0000018577b121d8]
Event: 2.289 Thread 0x0000018507632000  659       3       java.lang.Integer::<init> (10 bytes)
Event: 2.290 Thread 0x0000018507632000 nmethod 659 0x00000185706baf90 code [0x00000185706bb140, 0x00000185706bb378]
Event: 2.515 Thread 0x0000018507632000  660       3       java.lang.Long::valueOf (40 bytes)
Event: 2.516 Thread 0x0000018507632000 nmethod 660 0x00000185706bb490 code [0x00000185706bb660, 0x00000185706bb9f8]

GC Heap History (0 events):
No events

Deoptimization events (8 events):
Event: 0.128 Thread 0x0000018566351000 Uncommon trap: trap_request=0xffffff45 fr.pc=0x0000018577ae4f1c relative=0x00000000000001fc
Event: 0.128 Thread 0x0000018566351000 Uncommon trap: reason=unstable_if action=reinterpret pc=0x0000018577ae4f1c method=java.lang.String.hashCode()I @ 42 c2
Event: 0.128 Thread 0x0000018566351000 DEOPT PACKING pc=0x0000018577ae4f1c sp=0x00000060209fdd80
Event: 0.128 Thread 0x0000018566351000 DEOPT UNPACKING pc=0x000001857005912f sp=0x00000060209fdd18 mode 2
Event: 1.946 Thread 0x0000018566351000 Uncommon trap: trap_request=0xffffff45 fr.pc=0x0000018577aeada0 relative=0x0000000000000080
Event: 1.946 Thread 0x0000018566351000 Uncommon trap: reason=unstable_if action=reinterpret pc=0x0000018577aeada0 method=java.lang.String.isLatin1()Z @ 10 c2
Event: 1.946 Thread 0x0000018566351000 DEOPT PACKING pc=0x0000018577aeada0 sp=0x00000060209fed70
Event: 1.946 Thread 0x0000018566351000 DEOPT UNPACKING pc=0x000001857005912f sp=0x00000060209fecb0 mode 2

Classes unloaded (0 events):
No events

Classes redefined (0 events):
No events

Internal exceptions (7 events):
Event: 0.738 Thread 0x0000018566351000 Exception <a 'java/lang/NoSuchMethodError'{0x000000008a2a7548}: 'java.lang.Object java.lang.invoke.DirectMethodHandle$Holder.invokeStaticInit(java.lang.Object, java.lang.Object, java.lang.Object)'> (0x000000008a2a7548) 
thrown [t:/workspace/open/src/hotspot/share/interpreter/linkResolver.cpp, line 767]
Event: 0.783 Thread 0x0000018566351000 Exception <a 'java/lang/NoSuchMethodError'{0x000000008a2d9350}: 'int java.lang.invoke.DirectMethodHandle$Holder.invokeInterface(java.lang.Object, java.lang.Object)'> (0x000000008a2d9350) 
thrown [t:/workspace/open/src/hotspot/share/interpreter/linkResolver.cpp, line 767]
Event: 0.784 Thread 0x0000018566351000 Exception <a 'java/lang/IncompatibleClassChangeError'{0x000000008a2dbe58}: Found class java.lang.Object, but interface was expected> (0x000000008a2dbe58) 
thrown [t:/workspace/open/src/hotspot/share/interpreter/linkResolver.cpp, line 833]
Event: 1.027 Thread 0x00000185080c9800 Exception <a 'java/lang/VerifyError'{0x000000008a1bb3b8}: Stack map does not match the one at exception handler 21
Exception Details:
  Location:
    org/netbeans/lib/profiler/ConstructorTest.<init>()V @21: astore_1
  Reason:
    Current frame's flags are not assignable to stack map frame's.
  Current Frame:
    bci: @0
    flags: { flagThisUninit }
    locals: { uninitializedThis }
    stack: { 'java/lang/Throwable' }
  Stackmap Frame:
    bci: @21
    flags: { }
    locals: { top }
    stack: { 'java/lan
Event: 1.282 Thread 0x00000185080c9800 Exception <a 'java/lang/NoSuchMethodError'{0x000000008a1e81c0}: 'java.lang.Object java.lang.invoke.DirectMethodHandle$Holder.invokeStaticInit(java.lang.Object, int, int, int, int)'> (0x000000008a1e81c0) 
thrown [t:/workspace/open/src/hotspot/share/interpreter/linkResolver.cpp, line 767]
Event: 1.760 Thread 0x00000185080c9800 Exception <a 'java/lang/NoSuchMethodError'{0x0000000089e4ef90}: 'java.lang.Object java.lang.invoke.DirectMethodHandle$Holder.invokeStaticInit(java.lang.Object, java.lang.Object, int, int, int, int)'> (0x0000000089e4ef90) 
thrown [t:/workspace/open/src/hotspot/share/interpreter/linkResolver.cpp, line 767]
Event: 1.947 Thread 0x0000018566351000 Exception <a 'java/lang/ClassNotFoundException'{0x0000000089fa3658}: sun/launcher/resources/spi/launcherProvider> (0x0000000089fa3658) 
thrown [t:/workspace/open/src/hotspot/share/classfile/systemDictionary.cpp, line 232]

Events (20 events):
Event: 2.698 Executing VM operation: GetAllStackTraces
Event: 2.698 Executing VM operation: GetAllStackTraces done
Event: 2.715 Executing VM operation: GetAllStackTraces
Event: 2.716 Executing VM operation: GetAllStackTraces done
Event: 2.731 Executing VM operation: GetAllStackTraces
Event: 2.731 Executing VM operation: GetAllStackTraces done
Event: 2.749 Executing VM operation: GetAllStackTraces
Event: 2.749 Executing VM operation: GetAllStackTraces done
Event: 2.766 Executing VM operation: GetAllStackTraces
Event: 2.767 Executing VM operation: GetAllStackTraces done
Event: 2.796 Executing VM operation: GetAllStackTraces
Event: 2.797 Executing VM operation: GetAllStackTraces done
Event: 2.798 loading class org/netbeans/lib/profiler/wireprotocol/EventBufferDumpedCommand
Event: 2.799 loading class org/netbeans/lib/profiler/wireprotocol/EventBufferDumpedCommand done
Event: 2.812 Executing VM operation: GetAllStackTraces
Event: 2.812 Executing VM operation: GetAllStackTraces done
Event: 2.835 loading class org/netbeans/lib/profiler/wireprotocol/DumpResultsResponse
Event: 2.835 loading class org/netbeans/lib/profiler/wireprotocol/DumpResultsResponse done
Event: 2.837 loading class org/netbeans/lib/profiler/wireprotocol/GetMethodNamesForJMethodIdsCommand
Event: 2.837 loading class org/netbeans/lib/profiler/wireprotocol/GetMethodNamesForJMethodIdsCommand done


Dynamic libraries:
0x00007ff79b060000 - 0x00007ff79b06f000 	C:\Program Files\Java\jdk-13.0.2\bin\java.exe
0x00007fff25930000 - 0x00007fff25b1d000 	C:\Windows\SYSTEM32\ntdll.dll
0x00007fff23fe0000 - 0x00007fff24093000 	C:\Windows\System32\KERNEL32.DLL
0x00007fff22560000 - 0x00007fff227f3000 	C:\Windows\System32\KERNELBASE.dll
0x00007fff22460000 - 0x00007fff2255a000 	C:\Windows\System32\ucrtbase.dll
0x00007fff0ac10000 - 0x00007fff0ac28000 	C:\Program Files\Java\jdk-13.0.2\bin\jli.dll
0x00007ffef9180000 - 0x00007ffef9195000 	C:\Program Files\Java\jdk-13.0.2\bin\VCRUNTIME140.dll
0x00007fff23330000 - 0x00007fff233d3000 	C:\Windows\System32\ADVAPI32.dll
0x00007fff23190000 - 0x00007fff2322e000 	C:\Windows\System32\msvcrt.dll
0x00007fff23290000 - 0x00007fff2332e000 	C:\Windows\System32\sechost.dll
0x00007fff23c10000 - 0x00007fff23d32000 	C:\Windows\System32\RPCRT4.dll
0x00007fff23d50000 - 0x00007fff23ee7000 	C:\Windows\System32\USER32.dll
0x00007fff219f0000 - 0x00007fff21a10000 	C:\Windows\System32\win32u.dll
0x00007fff23be0000 - 0x00007fff23c09000 	C:\Windows\System32\GDI32.dll
0x00007fff083d0000 - 0x00007fff08649000 	C:\Windows\WinSxS\amd64_microsoft.windows.common-controls_6595b64144ccf1df_6.0.17763.1039_none_de701650534c7021\COMCTL32.dll
0x00007fff22210000 - 0x00007fff223a9000 	C:\Windows\System32\gdi32full.dll
0x00007fff23800000 - 0x00007fff23b2c000 	C:\Windows\System32\combase.dll
0x00007fff229e0000 - 0x00007fff22a80000 	C:\Windows\System32\msvcp_win.dll
0x00007fff223e0000 - 0x00007fff2245e000 	C:\Windows\System32\bcryptPrimitives.dll
0x00007fff1aca0000 - 0x00007fff1acaa000 	C:\Windows\SYSTEM32\VERSION.dll
0x00007fff23580000 - 0x00007fff235ae000 	C:\Windows\System32\IMM32.DLL
0x00007fff14800000 - 0x00007fff1489b000 	C:\Program Files\Java\jdk-13.0.2\bin\msvcp140.dll
0x00007ffecca70000 - 0x00007ffecd5cd000 	C:\Program Files\Java\jdk-13.0.2\bin\server\jvm.dll
0x00007fff22b50000 - 0x00007fff22b58000 	C:\Windows\System32\PSAPI.DLL
0x00007fff0fef0000 - 0x00007fff0fef9000 	C:\Windows\SYSTEM32\WSOCK32.dll
0x00007fff1f9b0000 - 0x00007fff1f9d4000 	C:\Windows\SYSTEM32\WINMM.dll
0x00007fff23510000 - 0x00007fff2357d000 	C:\Windows\System32\WS2_32.dll
0x00007fff1f980000 - 0x00007fff1f9ad000 	C:\Windows\SYSTEM32\winmmbase.dll
0x00007fff21a70000 - 0x00007fff21aba000 	C:\Windows\System32\cfgmgr32.dll
0x00007fff21920000 - 0x00007fff21931000 	C:\Windows\System32\kernel.appcore.dll
0x00007fff09270000 - 0x00007fff09280000 	C:\Program Files\Java\jdk-13.0.2\bin\verify.dll
0x00007fff174c0000 - 0x00007fff176ad000 	C:\Windows\SYSTEM32\DBGHELP.DLL
0x00007fff17360000 - 0x00007fff1738a000 	C:\Windows\SYSTEM32\dbgcore.DLL
0x00007ffef8360000 - 0x00007ffef8386000 	C:\Program Files\Java\jdk-13.0.2\bin\java.dll
0x00007fff16a60000 - 0x00007fff16a6f000 	C:\Program Files\NetBeans-11.2\netbeans\profiler\lib\deployed\jdk16\windows-amd64\profilerinterface.dll
0x00007ffef7120000 - 0x00007ffef7137000 	C:\Program Files\Java\jdk-13.0.2\bin\zip.dll
0x00007fff07ef0000 - 0x00007fff07efa000 	C:\Program Files\Java\jdk-13.0.2\bin\jimage.dll
0x00007fff242c0000 - 0x00007fff257b4000 	C:\Windows\System32\SHELL32.dll
0x00007fff24210000 - 0x00007fff242b8000 	C:\Windows\System32\shcore.dll
0x00007fff21ac0000 - 0x00007fff2220d000 	C:\Windows\System32\windows.storage.dll
0x00007fff219c0000 - 0x00007fff219e4000 	C:\Windows\System32\profapi.dll
0x00007fff21960000 - 0x00007fff219bd000 	C:\Windows\System32\powrprof.dll
0x00007fff257c0000 - 0x00007fff25812000 	C:\Windows\System32\shlwapi.dll
0x00007fff22a80000 - 0x00007fff22a97000 	C:\Windows\System32\cryptsp.dll
0x00007ffef5d20000 - 0x00007ffef5d39000 	C:\Program Files\Java\jdk-13.0.2\bin\net.dll
0x00007fff152f0000 - 0x00007fff153e2000 	C:\Windows\SYSTEM32\WINHTTP.dll
0x00007fff21130000 - 0x00007fff21197000 	C:\Windows\system32\mswsock.dll
0x00007ffef5d00000 - 0x00007ffef5d13000 	C:\Program Files\Java\jdk-13.0.2\bin\nio.dll
0x00007fff16a50000 - 0x00007fff16a59000 	C:\Program Files\Java\jdk-13.0.2\bin\management.dll
0x00007fff16a40000 - 0x00007fff16a4b000 	C:\Program Files\Java\jdk-13.0.2\bin\management_ext.dll
0x00007fff20cb0000 - 0x00007fff20ce3000 	C:\Windows\system32\rsaenh.dll
0x00007fff223b0000 - 0x00007fff223d6000 	C:\Windows\System32\bcrypt.dll
0x00007fff21850000 - 0x00007fff21878000 	C:\Windows\SYSTEM32\USERENV.dll
0x00007fff21300000 - 0x00007fff2130c000 	C:\Windows\SYSTEM32\CRYPTBASE.dll
0x00007fff20e50000 - 0x00007fff20e8d000 	C:\Windows\SYSTEM32\IPHLPAPI.DLL
0x00007fff237f0000 - 0x00007fff237f8000 	C:\Windows\System32\NSI.dll
0x00007fff1a2a0000 - 0x00007fff1a2b6000 	C:\Windows\SYSTEM32\dhcpcsvc6.DLL
0x00007fff1a4d0000 - 0x00007fff1a4ec000 	C:\Windows\SYSTEM32\dhcpcsvc.DLL
0x00007fff20e90000 - 0x00007fff20f56000 	C:\Windows\SYSTEM32\DNSAPI.dll

dbghelp: loaded successfully - version: 4.0.5 - missing functions: none
symbol engine: initialized successfully - sym options: 0x614 - pdb path: .;C:\Program Files\Java\jdk-13.0.2\bin;C:\Windows\SYSTEM32;C:\Windows\WinSxS\amd64_microsoft.windows.common-controls_6595b64144ccf1df_6.0.17763.1039_none_de701650534c7021;C:\Program Files\Java\jdk-13.0.2\bin\server;C:\Program Files\NetBeans-11.2\netbeans\profiler\lib\deployed\jdk16\windows-amd64

VM Arguments:
jvm_args: -agentpath:C:/Program Files/NetBeans-11.2/netbeans/profiler/lib/deployed/jdk16/windows-amd64/profilerinterface.dll=C:\Program Files\NetBeans-11.2\netbeans\profiler\lib,5140,10 -XX:+HeapDumpOnOutOfMemoryError -XX:HeapDumpPath=C:\Users\Danilo\Documents\NetBeansProjects\SortingProfiler\nbproject\private\profiler 
java_command: com.mycompany.sortingprofiler.Main
java_class_path (initial): C:\Users\Danilo\Documents\NetBeansProjects\SortingProfiler\target\classes
Launcher Type: SUN_STANDARD

[Global flags]
     intx CICompilerCount                          = 4                                         {product} {ergonomic}
     uint ConcGCThreads                            = 3                                         {product} {ergonomic}
     uint G1ConcRefinementThreads                  = 10                                        {product} {ergonomic}
   size_t G1HeapRegionSize                         = 1048576                                   {product} {ergonomic}
    uintx GCDrainStackTargetSize                   = 64                                        {product} {ergonomic}
     bool HeapDumpOnOutOfMemoryError               = true                                   {manageable} {command line}
    ccstr HeapDumpPath                             = C:\Users\Danilo\Documents\NetBeansProjects\SortingProfiler\nbproject\private\profiler         {manageable} {command line}
   size_t InitialHeapSize                          = 132120576                                 {product} {ergonomic}
   size_t MarkStackSize                            = 4194304                                   {product} {ergonomic}
   size_t MaxHeapSize                              = 2107637760                                {product} {ergonomic}
   size_t MaxNewSize                               = 1264582656                                {product} {ergonomic}
   size_t MinHeapDeltaBytes                        = 1048576                                   {product} {ergonomic}
   size_t MinHeapSize                              = 8388608                                   {product} {ergonomic}
    uintx NonNMethodCodeHeapSize                   = 5839372                                {pd product} {ergonomic}
    uintx NonProfiledCodeHeapSize                  = 122909434                              {pd product} {ergonomic}
    uintx ProfiledCodeHeapSize                     = 122909434                              {pd product} {ergonomic}
    uintx ReservedCodeCacheSize                    = 251658240                              {pd product} {ergonomic}
     bool SegmentedCodeCache                       = true                                      {product} {ergonomic}
   size_t SoftMaxHeapSize                          = 2107637760                             {manageable} {ergonomic}
     bool UseCompressedClassPointers               = true                                 {lp64_product} {ergonomic}
     bool UseCompressedOops                        = true                                 {lp64_product} {ergonomic}
     bool UseG1GC                                  = true                                      {product} {ergonomic}
     bool UseLargePagesIndividualAllocation        = false                                  {pd product} {ergonomic}

Logging:
Log output configuration:
 #0: stdout all=warning uptime,level,tags
 #1: stderr all=off uptime,level,tags

Environment Variables:
JAVA_HOME=C:\Program Files\Java\jdk-13.0.2
PATH=C:\ProgramData\Oracle\Java\javapath;C:\Windows\system32;C:\Windows;C:\Windows\System32\Wbem;C:\Windows\System32\WindowsPowerShell\v1.0\;C:\Windows\System32\OpenSSH\;C:\Program Files (x86)\NVIDIA Corporation\PhysX\Common;C:\Program Files\NVIDIA Corporation\NVIDIA NvDLISR;C:\Program Files\Intel\WiFi\bin\;C:\Program Files\Common Files\Intel\WirelessCommon\;C:\Program Files\Git\cmd;C:\Program Files\Java\jdk-13.0.2\bin;C:\Program Files\Java\jdk-13.0.2\bin;C:\Users\Danilo\AppData\Local\Microsoft\WindowsApps;C:\Users\Danilo\AppData\Local\Programs\Microsoft VS Code\bin;C:\Users\Danilo\AppData\Local\GitHubDesktop\bin;
USERNAME=Danilo
OS=Windows_NT
PROCESSOR_IDENTIFIER=Intel64 Family 6 Model 158 Stepping 10, GenuineIntel



---------------  S Y S T E M  ---------------

OS: Windows 10 , 64 bit Build 17763 (10.0.17763.475)

CPU:total 12 (initial active 12) (6 cores per cpu, 2 threads per core) family 6 model 158 stepping 10, cmov, cx8, fxsr, mmx, sse, sse2, sse3, ssse3, sse4.1, sse4.2, popcnt, avx, avx2, aes, clmul, erms, 3dnowpref, lzcnt, ht, tsc, tscinvbit, bmi1, bmi2, adx, fma

Memory: 4k page, system-wide physical 8037M (3123M free)
TotalPageFile size 9957M (AvailPageFile size 2503M)
current process WorkingSet (physical memory assigned to process): 54M, peak: 54M
current process commit charge ("private bytes"): 226M, peak: 228M

vm_info: Java HotSpot(TM) 64-Bit Server VM (13.0.2+8) for windows-amd64 JRE (13.0.2+8), built on Dec 11 2019 09:20:33 by "mach5one" with unknown MS VC++:1916

END.
