#
# A fatal error has been detected by the Java Runtime Environment:
#
#  EXCEPTION_ACCESS_VIOLATION (0xc0000005) at pc=0x00007ffecd2aa7db, pid=18412, tid=6276
#
# JRE version: Java(TM) SE Runtime Environment (13.0.2+8) (build 13.0.2+8)
# Java VM: Java HotSpot(TM) 64-Bit Server VM (13.0.2+8, mixed mode, sharing, tiered, compressed oops, g1 gc, windows-amd64)
# Problematic frame:
# V  [jvm.dll+0x5da7db]
#
# No core dump will be written. Minidumps are not enabled by default on client versions of Windows
#
# If you would like to submit a bug report, please visit:
#   http://bugreport.java.com/bugreport/crash.jsp
#

---------------  S U M M A R Y ------------

Command Line: -agentpath:C:/Program Files/NetBeans-11.2/netbeans/profiler/lib/deployed/jdk16/windows-amd64/profilerinterface.dll=C:\Program Files\NetBeans-11.2\netbeans\profiler\lib,5140,10 -XX:+HeapDumpOnOutOfMemoryError -XX:HeapDumpPath=C:\Users\Danilo\Documents\NetBeansProjects\SortingProfiler\nbproject\private\profiler Main

Host: Intel(R) Core(TM) i7-9750H CPU @ 2.60GHz, 12 cores, 7G,  Windows 10 , 64 bit Build 17763 (10.0.17763.475)
Time: Thu Feb 13 08:16:29 2020 Central America Standard Time elapsed time: 2 seconds (0d 0h 0m 2s)

---------------  T H R E A D  ---------------

Current thread (0x000001c556c8d000):  JavaThread "*** Profiler Agent Communication Thread" daemon [_thread_in_vm, id=6276, stack(0x0000005470e00000,0x0000005470f00000)]

Stack: [0x0000005470e00000,0x0000005470f00000],  sp=0x0000005470efeb40,  free space=1018k
Native frames: (J=compiled Java code, j=interpreted, Vv=VM code, C=native code)
V  [jvm.dll+0x5da7db]
V  [jvm.dll+0x4a6f64]
C  [profilerinterface.dll+0x34da]

Java frames: (J=compiled Java code, j=interpreted, Vv=VM code)
j  org.netbeans.lib.profiler.server.system.Stacks.getMethodNamesForJMethodIds(I[I[I)[B+0
j  org.netbeans.lib.profiler.server.ProfilerInterface.getMethodNamesForJMethodIds([I)Lorg/netbeans/lib/profiler/wireprotocol/MethodNamesResponse;+20
j  org.netbeans.lib.profiler.server.ProfilerServer.handleClientCommand(Lorg/netbeans/lib/profiler/wireprotocol/Command;)V+691
j  org.netbeans.lib.profiler.server.ProfilerServer.listenToClient()V+48
j  org.netbeans.lib.profiler.server.ProfilerServer.run()V+22
v  ~StubRoutines::call_stub

siginfo: EXCEPTION_ACCESS_VIOLATION (0xc0000005), reading address 0x00000000577a0690


Register to memory mapping:

RIP=0x00007ffecd2aa7db jvm.dll
RAX=0x0000005470efeb01 is pointing into the stack for thread: 0x000001c556c8d000
RBX=0x000001c556c8d000 is a thread
RCX=0x00000000577a0690 is an unknown value
RDX=0x000001c556c8d000 is a thread
RSP=0x0000005470efeb40 is pointing into the stack for thread: 0x000001c556c8d000
RBP=0x00000000577a0690 is an unknown value
RSI=0x0000005470efec60 is pointing into the stack for thread: 0x000001c556c8d000
RDI=0x000001c534f1a670 points into unknown readable memory: a0 58 6d cd fe 7f 00 00
R8 =0x0000005470efec60 is pointing into the stack for thread: 0x000001c556c8d000
R9 =0x0000000000000708 is an unknown value
R10=0x0000000000000001 is an unknown value
R11=0x0000005470efeb38 is pointing into the stack for thread: 0x000001c556c8d000
R12=0x000001c55757ec40 points into unknown readable memory: 90 06 7a 17 a0 06 7a 17
R13=0x000000000000002d is an unknown value
R14=0x00007fff14659c68 profilerinterface.dll
R15=0x00007fff14659a60 profilerinterface.dll


Registers:
RAX=0x0000005470efeb01, RBX=0x000001c556c8d000, RCX=0x00000000577a0690, RDX=0x000001c556c8d000
RSP=0x0000005470efeb40, RBP=0x00000000577a0690, RSI=0x0000005470efec60, RDI=0x000001c534f1a670
R8 =0x0000005470efec60, R9 =0x0000000000000708, R10=0x0000000000000001, R11=0x0000005470efeb38
R12=0x000001c55757ec40, R13=0x000000000000002d, R14=0x00007fff14659c68, R15=0x00007fff14659a60
RIP=0x00007ffecd2aa7db, EFLAGS=0x0000000000010206

Top of Stack: (sp=0x0000005470efeb40)
0x0000005470efeb40:   000000000000002d 0000000000000000
0x0000005470efeb50:   000001c556c8d000 0000005470efed18
0x0000005470efeb60:   000001c556c8d000 00007ffecd176f64
0x0000005470efeb70:   0000000000000708 000001c556c8d000
0x0000005470efeb80:   000001c556c8d310 00007fff231a9db0
0x0000005470efeb90:   000001c556c8d000 0000000000000000
0x0000005470efeba0:   000001c500000000 0000000000000000
0x0000005470efebb0:   00000000577a0690 00007fff146534da
0x0000005470efebc0:   0000000000000000 000001c556c8d310
0x0000005470efebd0:   000000000000088b 0000005470efed10
0x0000005470efebe0:   000001c55757ec40 00007ffecd049177
0x0000005470efebf0:   0000005470efec10 000001c556c2da00
0x0000005470efec00:   00000000001532bb 000001c53f57fd87
0x0000005470efec10:   000001c556621008 000001c556c8d000
0x0000005470efec20:   000001c556c8d000 000001c556621008
0x0000005470efec30:   0000000000000000 000001c53f529d50 

Instructions: (pc=0x00007ffecd2aa7db)
0x00007ffecd2aa6db:   c6 05 01 d5 47 00 01 eb 61 48 8b 54 24 20 45 33
0x00007ffecd2aa6eb:   c0 48 8b 05 95 4e 43 00 48 83 c2 18 48 8b ce ff
0x00007ffecd2aa6fb:   d0 48 85 c0 74 20 48 8b 44 24 20 48 8b d6 48 8b
0x00007ffecd2aa70b:   48 08 48 8b 41 08 48 8b 48 18 48 8b 89 98 00 00
0x00007ffecd2aa71b:   00 e8 1f f8 ff ff 38 1d 26 fc 49 00 74 13 48 8b
0x00007ffecd2aa72b:   4c 24 20 48 8b d7 e8 8a 2b 00 00 48 39 5f 08 75
0x00007ffecd2aa73b:   09 48 8b 44 24 20 48 8b 58 18 48 8d 4c 24 20 e8
0x00007ffecd2aa74b:   51 99 d6 ff 48 8b 74 24 48 48 8b c3 48 8b 5c 24
0x00007ffecd2aa75b:   40 48 83 c4 30 5f c3 cc cc cc cc cc cc cc cc cc
0x00007ffecd2aa76b:   cc cc cc cc cc 48 8b 51 08 4c 8b c1 48 8b 42 08
0x00007ffecd2aa77b:   0f b6 52 24 c0 ea 06 48 8b 48 18 8b 81 a4 00 00
0x00007ffecd2aa78b:   00 f6 c2 01 75 27 48 85 c9 74 14 8b c8 c1 e9 09
0x00007ffecd2aa79b:   f6 c1 01 74 0a 41 f7 40 20 02 04 00 00 74 0e 41
0x00007ffecd2aa7ab:   8b 48 20 0b c8 f6 c1 10 74 03 b0 01 c3 41 83 78
0x00007ffecd2aa7bb:   24 fe 0f 94 c0 c3 cc cc cc cc cc cc cc cc cc cc
0x00007ffecd2aa7cb:   cc cc cc cc cc 40 53 48 83 ec 20 48 85 c9 74 24
0x00007ffecd2aa7db:   48 8b 19 48 85 db 74 1c 48 83 fb 37 74 16 48 8b
0x00007ffecd2aa7eb:   13 48 8b cb ff 52 10 84 c0 74 09 48 8b c3 48 83
0x00007ffecd2aa7fb:   c4 20 5b c3 33 c0 48 83 c4 20 5b c3 cc cc cc cc
0x00007ffecd2aa80b:   cc cc cc cc cc 40 53 55 41 56 41 57 48 83 ec 28
0x00007ffecd2aa81b:   48 8b 41 08 33 ed 4c 8b f1 48 8b 50 08 4c 8b 7a
0x00007ffecd2aa82b:   18 49 8b 9f 78 01 00 00 48 85 db 0f 84 d5 00 00
0x00007ffecd2aa83b:   00 8b 15 52 af 4e 00 65 48 8b 04 25 58 00 00 00
0x00007ffecd2aa84b:   48 89 74 24 50 4c 89 64 24 60 4c 89 6c 24 20 41
0x00007ffecd2aa85b:   bd ff ff 00 00 4c 8d 24 d0 41 b8 08 00 00 00 48
0x00007ffecd2aa86b:   89 7c 24 58 90 49 8b 56 08 48 8b 73 10 0f b7 42
0x00007ffecd2aa87b:   2a 66 39 43 08 75 6c 0f b7 42 2c 66 39 43 0a 75
0x00007ffecd2aa88b:   62 48 63 4b 04 0f b6 03 88 44 11 38 49 8b 04 24
0x00007ffecd2aa89b:   41 8b c8 48 8b 3c 01 49 8b ce 48 8b d7 e8 f3 4d
0x00007ffecd2aa8ab:   bd ff 48 83 7f 08 00 75 0a 48 85 c0 74 05 66 44
0x00007ffecd2aa8bb:   01 68 16 48 85 ed 74 14 48 8b cb 48 89 75 10 e8
0x00007ffecd2aa8cb:   81 e3 ad ff 41 b8 08 00 00 00 eb 1a 48 8b cb 49 


Stack slot to memory mapping:
stack at sp + 0 slots: 0x000000000000002d is an unknown value
stack at sp + 1 slots: 0x0 is NULL
stack at sp + 2 slots: 0x000001c556c8d000 is a thread
stack at sp + 3 slots: 0x0000005470efed18 is pointing into the stack for thread: 0x000001c556c8d000
stack at sp + 4 slots: 0x000001c556c8d000 is a thread
stack at sp + 5 slots: 0x00007ffecd176f64 jvm.dll
stack at sp + 6 slots: 0x0000000000000708 is an unknown value
stack at sp + 7 slots: 0x000001c556c8d000 is a thread


---------------  P R O C E S S  ---------------

Threads class SMR info:
_java_thread_list=0x000001c556c98230, length=15, elements={
0x000001c556ae3000, 0x000001c556ae6800, 0x000001c556b0e800, 0x000001c556b10800,
0x000001c556b17000, 0x000001c556b17800, 0x000001c556b1c800, 0x000001c556c62000,
0x000001c556c8d000, 0x000001c556d27800, 0x000001c556d28800, 0x000001c5578fa800,
0x000001c5578f9800, 0x000001c53701f800, 0x000001c556c5d800
}

Java Threads: ( => current thread )
  0x000001c556ae3000 JavaThread "Reference Handler" daemon [_thread_blocked, id=13480, stack(0x0000005470600000,0x0000005470700000)]
  0x000001c556ae6800 JavaThread "Finalizer" daemon [_thread_blocked, id=7140, stack(0x0000005470700000,0x0000005470800000)]
  0x000001c556b0e800 JavaThread "Signal Dispatcher" daemon [_thread_blocked, id=15248, stack(0x0000005470800000,0x0000005470900000)]
  0x000001c556b10800 JavaThread "Attach Listener" daemon [_thread_blocked, id=17952, stack(0x0000005470900000,0x0000005470a00000)]
  0x000001c556b17000 JavaThread "C2 CompilerThread0" daemon [_thread_blocked, id=17208, stack(0x0000005470a00000,0x0000005470b00000)]
  0x000001c556b17800 JavaThread "C1 CompilerThread0" daemon [_thread_blocked, id=500, stack(0x0000005470b00000,0x0000005470c00000)]
  0x000001c556b1c800 JavaThread "Sweeper thread" daemon [_thread_blocked, id=14664, stack(0x0000005470c00000,0x0000005470d00000)]
  0x000001c556c62000 JavaThread "Common-Cleaner" daemon [_thread_blocked, id=9676, stack(0x0000005470d00000,0x0000005470e00000)]
=>0x000001c556c8d000 JavaThread "*** Profiler Agent Communication Thread" daemon [_thread_in_vm, id=6276, stack(0x0000005470e00000,0x0000005470f00000)]
  0x000001c556d27800 JavaThread "*** JFluid Monitor thread ***" daemon [_thread_blocked, id=9416, stack(0x0000005470f00000,0x0000005471000000)]
  0x000001c556d28800 JavaThread "*** Profiler Agent Special Execution Thread 6" daemon [_thread_blocked, id=13044, stack(0x0000005471000000,0x0000005471100000)]
  0x000001c5578fa800 JavaThread "*** Profiler Agent Special Execution Thread 10" daemon [_thread_blocked, id=15744, stack(0x0000005471200000,0x0000005471300000)]
  0x000001c5578f9800 JavaThread "Service Thread" daemon [_thread_blocked, id=11360, stack(0x0000005471100000,0x0000005471200000)]
  0x000001c53701f800 JavaThread "DestroyJavaVM" [_thread_blocked, id=13712, stack(0x000000546ff00000,0x0000005470000000)]
  0x000001c556c5d800 JavaThread "*** Profiler Agent Special Execution Thread 7" [_thread_blocked, id=4692, stack(0x0000005471600000,0x0000005471700000)]

Other Threads:
  0x000001c556af4800 VMThread "VM Thread" [stack: 0x0000005470500000,0x0000005470600000] [id=15980] _threads_hazard_ptr=0x000001c556c98230
  0x000001c5578fb800 WatcherThread [stack: 0x0000005471300000,0x0000005471400000] [id=18288]
  0x000001c537063800 GCTaskThread "GC Thread#0" [stack: 0x0000005470000000,0x0000005470100000] [id=17852]
  0x000001c55779d000 GCTaskThread "GC Thread#1" [stack: 0x0000005471400000,0x0000005471500000] [id=12676]
  0x000001c55779d800 GCTaskThread "GC Thread#2" [stack: 0x0000005471500000,0x0000005471600000] [id=5324]
  0x000001c537076800 ConcurrentGCThread "G1 Main Marker" [stack: 0x0000005470100000,0x0000005470200000] [id=15056]
  0x000001c537078800 ConcurrentGCThread "G1 Conc#0" [stack: 0x0000005470200000,0x0000005470300000] [id=14480]
  0x000001c55614f000 ConcurrentGCThread "G1 Refine#0" [stack: 0x0000005470300000,0x0000005470400000] [id=9320]
  0x000001c556151000 ConcurrentGCThread "G1 Young RemSet Sampling" [stack: 0x0000005470400000,0x0000005470500000] [id=14772]

Threads with active compile tasks:

VM state:synchronizing (normal execution)

VM Mutex/Monitor currently owned by a thread:  ([mutex/lock_event])
[0x000001c53701c680] Threads_lock - owner thread: 0x000001c556af4800

Heap address: 0x0000000082600000, size: 2010 MB, Compressed Oops mode: 32-bit
Narrow klass base: 0x0000000800000000, Narrow klass shift: 3
Compressed class space size: 1073741824 Address: 0x0000000800b40000

Heap:
 garbage-first heap   total 129024K, used 9166K [0x0000000082600000, 0x0000000100000000)
  region size 1024K, 8 young (8192K), 2 survivors (2048K)
 Metaspace       used 4680K, capacity 4875K, committed 4992K, reserved 1056768K
  class space    used 514K, capacity 568K, committed 640K, reserved 1048576K
Heap Regions: E=young(eden), S=young(survivor), O=old, HS=humongous(starts), HC=humongous(continues), CS=collection set, F=free, A=archive, TAMS=top-at-mark-start (previous, next)
|   0|0x0000000082600000, 0x0000000082700000, 0x0000000082700000|100%|HS|  |TAMS 0x0000000082600000, 0x0000000082600000| Complete 
|   1|0x0000000082700000, 0x0000000082800000, 0x0000000082800000|100%|HC|  |TAMS 0x0000000082700000, 0x0000000082700000| Complete 
|   2|0x0000000082800000, 0x0000000082800000, 0x0000000082900000|  0%| F|  |TAMS 0x0000000082800000, 0x0000000082800000| Untracked 
|   3|0x0000000082900000, 0x0000000082900000, 0x0000000082a00000|  0%| F|  |TAMS 0x0000000082900000, 0x0000000082900000| Untracked 
|   4|0x0000000082a00000, 0x0000000082a00000, 0x0000000082b00000|  0%| F|  |TAMS 0x0000000082a00000, 0x0000000082a00000| Untracked 
|   5|0x0000000082b00000, 0x0000000082b00000, 0x0000000082c00000|  0%| F|  |TAMS 0x0000000082b00000, 0x0000000082b00000| Untracked 
|   6|0x0000000082c00000, 0x0000000082c00000, 0x0000000082d00000|  0%| F|  |TAMS 0x0000000082c00000, 0x0000000082c00000| Untracked 
|   7|0x0000000082d00000, 0x0000000082d00000, 0x0000000082e00000|  0%| F|  |TAMS 0x0000000082d00000, 0x0000000082d00000| Untracked 
|   8|0x0000000082e00000, 0x0000000082e00000, 0x0000000082f00000|  0%| F|  |TAMS 0x0000000082e00000, 0x0000000082e00000| Untracked 
|   9|0x0000000082f00000, 0x0000000082f00000, 0x0000000083000000|  0%| F|  |TAMS 0x0000000082f00000, 0x0000000082f00000| Untracked 
|  10|0x0000000083000000, 0x0000000083000000, 0x0000000083100000|  0%| F|  |TAMS 0x0000000083000000, 0x0000000083000000| Untracked 
|  11|0x0000000083100000, 0x0000000083100000, 0x0000000083200000|  0%| F|  |TAMS 0x0000000083100000, 0x0000000083100000| Untracked 
|  12|0x0000000083200000, 0x0000000083200000, 0x0000000083300000|  0%| F|  |TAMS 0x0000000083200000, 0x0000000083200000| Untracked 
|  13|0x0000000083300000, 0x0000000083300000, 0x0000000083400000|  0%| F|  |TAMS 0x0000000083300000, 0x0000000083300000| Untracked 
|  14|0x0000000083400000, 0x0000000083400000, 0x0000000083500000|  0%| F|  |TAMS 0x0000000083400000, 0x0000000083400000| Untracked 
|  15|0x0000000083500000, 0x0000000083500000, 0x0000000083600000|  0%| F|  |TAMS 0x0000000083500000, 0x0000000083500000| Untracked 
|  16|0x0000000083600000, 0x0000000083600000, 0x0000000083700000|  0%| F|  |TAMS 0x0000000083600000, 0x0000000083600000| Untracked 
|  17|0x0000000083700000, 0x0000000083700000, 0x0000000083800000|  0%| F|  |TAMS 0x0000000083700000, 0x0000000083700000| Untracked 
|  18|0x0000000083800000, 0x0000000083800000, 0x0000000083900000|  0%| F|  |TAMS 0x0000000083800000, 0x0000000083800000| Untracked 
|  19|0x0000000083900000, 0x0000000083900000, 0x0000000083a00000|  0%| F|  |TAMS 0x0000000083900000, 0x0000000083900000| Untracked 
|  20|0x0000000083a00000, 0x0000000083a00000, 0x0000000083b00000|  0%| F|  |TAMS 0x0000000083a00000, 0x0000000083a00000| Untracked 
|  21|0x0000000083b00000, 0x0000000083b00000, 0x0000000083c00000|  0%| F|  |TAMS 0x0000000083b00000, 0x0000000083b00000| Untracked 
|  22|0x0000000083c00000, 0x0000000083c00000, 0x0000000083d00000|  0%| F|  |TAMS 0x0000000083c00000, 0x0000000083c00000| Untracked 
|  23|0x0000000083d00000, 0x0000000083d00000, 0x0000000083e00000|  0%| F|  |TAMS 0x0000000083d00000, 0x0000000083d00000| Untracked 
|  24|0x0000000083e00000, 0x0000000083e00000, 0x0000000083f00000|  0%| F|  |TAMS 0x0000000083e00000, 0x0000000083e00000| Untracked 
|  25|0x0000000083f00000, 0x0000000083f00000, 0x0000000084000000|  0%| F|  |TAMS 0x0000000083f00000, 0x0000000083f00000| Untracked 
|  26|0x0000000084000000, 0x0000000084000000, 0x0000000084100000|  0%| F|  |TAMS 0x0000000084000000, 0x0000000084000000| Untracked 
|  27|0x0000000084100000, 0x0000000084100000, 0x0000000084200000|  0%| F|  |TAMS 0x0000000084100000, 0x0000000084100000| Untracked 
|  28|0x0000000084200000, 0x0000000084200000, 0x0000000084300000|  0%| F|  |TAMS 0x0000000084200000, 0x0000000084200000| Untracked 
|  29|0x0000000084300000, 0x0000000084300000, 0x0000000084400000|  0%| F|  |TAMS 0x0000000084300000, 0x0000000084300000| Untracked 
|  30|0x0000000084400000, 0x0000000084400000, 0x0000000084500000|  0%| F|  |TAMS 0x0000000084400000, 0x0000000084400000| Untracked 
|  31|0x0000000084500000, 0x0000000084500000, 0x0000000084600000|  0%| F|  |TAMS 0x0000000084500000, 0x0000000084500000| Untracked 
|  32|0x0000000084600000, 0x0000000084600000, 0x0000000084700000|  0%| F|  |TAMS 0x0000000084600000, 0x0000000084600000| Untracked 
|  33|0x0000000084700000, 0x0000000084700000, 0x0000000084800000|  0%| F|  |TAMS 0x0000000084700000, 0x0000000084700000| Untracked 
|  34|0x0000000084800000, 0x0000000084800000, 0x0000000084900000|  0%| F|  |TAMS 0x0000000084800000, 0x0000000084800000| Untracked 
|  35|0x0000000084900000, 0x0000000084900000, 0x0000000084a00000|  0%| F|  |TAMS 0x0000000084900000, 0x0000000084900000| Untracked 
|  36|0x0000000084a00000, 0x0000000084a00000, 0x0000000084b00000|  0%| F|  |TAMS 0x0000000084a00000, 0x0000000084a00000| Untracked 
|  37|0x0000000084b00000, 0x0000000084b00000, 0x0000000084c00000|  0%| F|  |TAMS 0x0000000084b00000, 0x0000000084b00000| Untracked 
|  38|0x0000000084c00000, 0x0000000084c00000, 0x0000000084d00000|  0%| F|  |TAMS 0x0000000084c00000, 0x0000000084c00000| Untracked 
|  39|0x0000000084d00000, 0x0000000084d00000, 0x0000000084e00000|  0%| F|  |TAMS 0x0000000084d00000, 0x0000000084d00000| Untracked 
|  40|0x0000000084e00000, 0x0000000084e00000, 0x0000000084f00000|  0%| F|  |TAMS 0x0000000084e00000, 0x0000000084e00000| Untracked 
|  41|0x0000000084f00000, 0x0000000084f00000, 0x0000000085000000|  0%| F|  |TAMS 0x0000000084f00000, 0x0000000084f00000| Untracked 
|  42|0x0000000085000000, 0x0000000085000000, 0x0000000085100000|  0%| F|  |TAMS 0x0000000085000000, 0x0000000085000000| Untracked 
|  43|0x0000000085100000, 0x0000000085100000, 0x0000000085200000|  0%| F|  |TAMS 0x0000000085100000, 0x0000000085100000| Untracked 
|  44|0x0000000085200000, 0x0000000085200000, 0x0000000085300000|  0%| F|  |TAMS 0x0000000085200000, 0x0000000085200000| Untracked 
|  45|0x0000000085300000, 0x0000000085300000, 0x0000000085400000|  0%| F|  |TAMS 0x0000000085300000, 0x0000000085300000| Untracked 
|  46|0x0000000085400000, 0x0000000085400000, 0x0000000085500000|  0%| F|  |TAMS 0x0000000085400000, 0x0000000085400000| Untracked 
|  47|0x0000000085500000, 0x0000000085500000, 0x0000000085600000|  0%| F|  |TAMS 0x0000000085500000, 0x0000000085500000| Untracked 
|  48|0x0000000085600000, 0x0000000085600000, 0x0000000085700000|  0%| F|  |TAMS 0x0000000085600000, 0x0000000085600000| Untracked 
|  49|0x0000000085700000, 0x0000000085700000, 0x0000000085800000|  0%| F|  |TAMS 0x0000000085700000, 0x0000000085700000| Untracked 
|  50|0x0000000085800000, 0x0000000085800000, 0x0000000085900000|  0%| F|  |TAMS 0x0000000085800000, 0x0000000085800000| Untracked 
|  51|0x0000000085900000, 0x0000000085900000, 0x0000000085a00000|  0%| F|  |TAMS 0x0000000085900000, 0x0000000085900000| Untracked 
|  52|0x0000000085a00000, 0x0000000085a00000, 0x0000000085b00000|  0%| F|  |TAMS 0x0000000085a00000, 0x0000000085a00000| Untracked 
|  53|0x0000000085b00000, 0x0000000085b00000, 0x0000000085c00000|  0%| F|  |TAMS 0x0000000085b00000, 0x0000000085b00000| Untracked 
|  54|0x0000000085c00000, 0x0000000085c00000, 0x0000000085d00000|  0%| F|  |TAMS 0x0000000085c00000, 0x0000000085c00000| Untracked 
|  55|0x0000000085d00000, 0x0000000085d00000, 0x0000000085e00000|  0%| F|  |TAMS 0x0000000085d00000, 0x0000000085d00000| Untracked 
|  56|0x0000000085e00000, 0x0000000085e00000, 0x0000000085f00000|  0%| F|  |TAMS 0x0000000085e00000, 0x0000000085e00000| Untracked 
|  57|0x0000000085f00000, 0x0000000085f00000, 0x0000000086000000|  0%| F|  |TAMS 0x0000000085f00000, 0x0000000085f00000| Untracked 
|  58|0x0000000086000000, 0x0000000086000000, 0x0000000086100000|  0%| F|  |TAMS 0x0000000086000000, 0x0000000086000000| Untracked 
|  59|0x0000000086100000, 0x0000000086100000, 0x0000000086200000|  0%| F|  |TAMS 0x0000000086100000, 0x0000000086100000| Untracked 
|  60|0x0000000086200000, 0x0000000086200000, 0x0000000086300000|  0%| F|  |TAMS 0x0000000086200000, 0x0000000086200000| Untracked 
|  61|0x0000000086300000, 0x0000000086300000, 0x0000000086400000|  0%| F|  |TAMS 0x0000000086300000, 0x0000000086300000| Untracked 
|  62|0x0000000086400000, 0x0000000086400000, 0x0000000086500000|  0%| F|  |TAMS 0x0000000086400000, 0x0000000086400000| Untracked 
|  63|0x0000000086500000, 0x0000000086500000, 0x0000000086600000|  0%| F|  |TAMS 0x0000000086500000, 0x0000000086500000| Untracked 
|  64|0x0000000086600000, 0x0000000086600000, 0x0000000086700000|  0%| F|  |TAMS 0x0000000086600000, 0x0000000086600000| Untracked 
|  65|0x0000000086700000, 0x0000000086700000, 0x0000000086800000|  0%| F|  |TAMS 0x0000000086700000, 0x0000000086700000| Untracked 
|  66|0x0000000086800000, 0x0000000086800000, 0x0000000086900000|  0%| F|  |TAMS 0x0000000086800000, 0x0000000086800000| Untracked 
|  67|0x0000000086900000, 0x0000000086900000, 0x0000000086a00000|  0%| F|  |TAMS 0x0000000086900000, 0x0000000086900000| Untracked 
|  68|0x0000000086a00000, 0x0000000086a00000, 0x0000000086b00000|  0%| F|  |TAMS 0x0000000086a00000, 0x0000000086a00000| Untracked 
|  69|0x0000000086b00000, 0x0000000086b00000, 0x0000000086c00000|  0%| F|  |TAMS 0x0000000086b00000, 0x0000000086b00000| Untracked 
|  70|0x0000000086c00000, 0x0000000086c00000, 0x0000000086d00000|  0%| F|  |TAMS 0x0000000086c00000, 0x0000000086c00000| Untracked 
|  71|0x0000000086d00000, 0x0000000086d00000, 0x0000000086e00000|  0%| F|  |TAMS 0x0000000086d00000, 0x0000000086d00000| Untracked 
|  72|0x0000000086e00000, 0x0000000086e00000, 0x0000000086f00000|  0%| F|  |TAMS 0x0000000086e00000, 0x0000000086e00000| Untracked 
|  73|0x0000000086f00000, 0x0000000086f00000, 0x0000000087000000|  0%| F|  |TAMS 0x0000000086f00000, 0x0000000086f00000| Untracked 
|  74|0x0000000087000000, 0x0000000087000000, 0x0000000087100000|  0%| F|  |TAMS 0x0000000087000000, 0x0000000087000000| Untracked 
|  75|0x0000000087100000, 0x0000000087100000, 0x0000000087200000|  0%| F|  |TAMS 0x0000000087100000, 0x0000000087100000| Untracked 
|  76|0x0000000087200000, 0x0000000087200000, 0x0000000087300000|  0%| F|  |TAMS 0x0000000087200000, 0x0000000087200000| Untracked 
|  77|0x0000000087300000, 0x0000000087300000, 0x0000000087400000|  0%| F|  |TAMS 0x0000000087300000, 0x0000000087300000| Untracked 
|  78|0x0000000087400000, 0x0000000087400000, 0x0000000087500000|  0%| F|  |TAMS 0x0000000087400000, 0x0000000087400000| Untracked 
|  79|0x0000000087500000, 0x0000000087500000, 0x0000000087600000|  0%| F|  |TAMS 0x0000000087500000, 0x0000000087500000| Untracked 
|  80|0x0000000087600000, 0x0000000087600000, 0x0000000087700000|  0%| F|  |TAMS 0x0000000087600000, 0x0000000087600000| Untracked 
|  81|0x0000000087700000, 0x0000000087700000, 0x0000000087800000|  0%| F|  |TAMS 0x0000000087700000, 0x0000000087700000| Untracked 
|  82|0x0000000087800000, 0x0000000087800000, 0x0000000087900000|  0%| F|  |TAMS 0x0000000087800000, 0x0000000087800000| Untracked 
|  83|0x0000000087900000, 0x0000000087900000, 0x0000000087a00000|  0%| F|  |TAMS 0x0000000087900000, 0x0000000087900000| Untracked 
|  84|0x0000000087a00000, 0x0000000087a00000, 0x0000000087b00000|  0%| F|  |TAMS 0x0000000087a00000, 0x0000000087a00000| Untracked 
|  85|0x0000000087b00000, 0x0000000087b00000, 0x0000000087c00000|  0%| F|  |TAMS 0x0000000087b00000, 0x0000000087b00000| Untracked 
|  86|0x0000000087c00000, 0x0000000087c00000, 0x0000000087d00000|  0%| F|  |TAMS 0x0000000087c00000, 0x0000000087c00000| Untracked 
|  87|0x0000000087d00000, 0x0000000087d00000, 0x0000000087e00000|  0%| F|  |TAMS 0x0000000087d00000, 0x0000000087d00000| Untracked 
|  88|0x0000000087e00000, 0x0000000087e00000, 0x0000000087f00000|  0%| F|  |TAMS 0x0000000087e00000, 0x0000000087e00000| Untracked 
|  89|0x0000000087f00000, 0x0000000087f00000, 0x0000000088000000|  0%| F|  |TAMS 0x0000000087f00000, 0x0000000087f00000| Untracked 
|  90|0x0000000088000000, 0x0000000088000000, 0x0000000088100000|  0%| F|  |TAMS 0x0000000088000000, 0x0000000088000000| Untracked 
|  91|0x0000000088100000, 0x0000000088100000, 0x0000000088200000|  0%| F|  |TAMS 0x0000000088100000, 0x0000000088100000| Untracked 
|  92|0x0000000088200000, 0x0000000088200000, 0x0000000088300000|  0%| F|  |TAMS 0x0000000088200000, 0x0000000088200000| Untracked 
|  93|0x0000000088300000, 0x0000000088300000, 0x0000000088400000|  0%| F|  |TAMS 0x0000000088300000, 0x0000000088300000| Untracked 
|  94|0x0000000088400000, 0x0000000088400000, 0x0000000088500000|  0%| F|  |TAMS 0x0000000088400000, 0x0000000088400000| Untracked 
|  95|0x0000000088500000, 0x0000000088500000, 0x0000000088600000|  0%| F|  |TAMS 0x0000000088500000, 0x0000000088500000| Untracked 
|  96|0x0000000088600000, 0x0000000088600000, 0x0000000088700000|  0%| F|  |TAMS 0x0000000088600000, 0x0000000088600000| Untracked 
|  97|0x0000000088700000, 0x0000000088700000, 0x0000000088800000|  0%| F|  |TAMS 0x0000000088700000, 0x0000000088700000| Untracked 
|  98|0x0000000088800000, 0x0000000088800000, 0x0000000088900000|  0%| F|  |TAMS 0x0000000088800000, 0x0000000088800000| Untracked 
|  99|0x0000000088900000, 0x0000000088900000, 0x0000000088a00000|  0%| F|  |TAMS 0x0000000088900000, 0x0000000088900000| Untracked 
| 100|0x0000000088a00000, 0x0000000088af38e0, 0x0000000088b00000| 95%| S|CS|TAMS 0x0000000088a00000, 0x0000000088a00000| Complete 
| 101|0x0000000088b00000, 0x0000000088c00000, 0x0000000088c00000|100%| S|CS|TAMS 0x0000000088b00000, 0x0000000088b00000| Complete 
| 102|0x0000000088c00000, 0x0000000088c00000, 0x0000000088d00000|  0%| F|  |TAMS 0x0000000088c00000, 0x0000000088c00000| Untracked 
| 103|0x0000000088d00000, 0x0000000088d00000, 0x0000000088e00000|  0%| F|  |TAMS 0x0000000088d00000, 0x0000000088d00000| Untracked 
| 104|0x0000000088e00000, 0x0000000088e00000, 0x0000000088f00000|  0%| F|  |TAMS 0x0000000088e00000, 0x0000000088e00000| Untracked 
| 105|0x0000000088f00000, 0x0000000088f00000, 0x0000000089000000|  0%| F|  |TAMS 0x0000000088f00000, 0x0000000088f00000| Untracked 
| 106|0x0000000089000000, 0x0000000089000000, 0x0000000089100000|  0%| F|  |TAMS 0x0000000089000000, 0x0000000089000000| Untracked 
| 107|0x0000000089100000, 0x0000000089100000, 0x0000000089200000|  0%| F|  |TAMS 0x0000000089100000, 0x0000000089100000| Untracked 
| 108|0x0000000089200000, 0x0000000089200000, 0x0000000089300000|  0%| F|  |TAMS 0x0000000089200000, 0x0000000089200000| Untracked 
| 109|0x0000000089300000, 0x0000000089300000, 0x0000000089400000|  0%| F|  |TAMS 0x0000000089300000, 0x0000000089300000| Untracked 
| 110|0x0000000089400000, 0x0000000089400000, 0x0000000089500000|  0%| F|  |TAMS 0x0000000089400000, 0x0000000089400000| Untracked 
| 111|0x0000000089500000, 0x0000000089500000, 0x0000000089600000|  0%| F|  |TAMS 0x0000000089500000, 0x0000000089500000| Untracked 
| 112|0x0000000089600000, 0x0000000089600000, 0x0000000089700000|  0%| F|  |TAMS 0x0000000089600000, 0x0000000089600000| Untracked 
| 113|0x0000000089700000, 0x0000000089700000, 0x0000000089800000|  0%| F|  |TAMS 0x0000000089700000, 0x0000000089700000| Untracked 
| 114|0x0000000089800000, 0x0000000089800000, 0x0000000089900000|  0%| F|  |TAMS 0x0000000089800000, 0x0000000089800000| Untracked 
| 115|0x0000000089900000, 0x0000000089900000, 0x0000000089a00000|  0%| F|  |TAMS 0x0000000089900000, 0x0000000089900000| Untracked 
| 116|0x0000000089a00000, 0x0000000089a00000, 0x0000000089b00000|  0%| F|  |TAMS 0x0000000089a00000, 0x0000000089a00000| Untracked 
| 117|0x0000000089b00000, 0x0000000089b00000, 0x0000000089c00000|  0%| F|  |TAMS 0x0000000089b00000, 0x0000000089b00000| Untracked 
| 118|0x0000000089c00000, 0x0000000089c00000, 0x0000000089d00000|  0%| F|  |TAMS 0x0000000089c00000, 0x0000000089c00000| Untracked 
| 119|0x0000000089d00000, 0x0000000089d00000, 0x0000000089e00000|  0%| F|  |TAMS 0x0000000089d00000, 0x0000000089d00000| Untracked 
| 120|0x0000000089e00000, 0x0000000089e00800, 0x0000000089f00000|  0%| E|  |TAMS 0x0000000089e00000, 0x0000000089e00000| Complete 
| 121|0x0000000089f00000, 0x000000008a000000, 0x000000008a000000|100%| E|CS|TAMS 0x0000000089f00000, 0x0000000089f00000| Complete 
| 122|0x000000008a000000, 0x000000008a100000, 0x000000008a100000|100%| E|CS|TAMS 0x000000008a000000, 0x000000008a000000| Complete 
| 123|0x000000008a100000, 0x000000008a200000, 0x000000008a200000|100%| E|CS|TAMS 0x000000008a100000, 0x000000008a100000| Complete 
| 124|0x000000008a200000, 0x000000008a300000, 0x000000008a300000|100%| E|CS|TAMS 0x000000008a200000, 0x000000008a200000| Complete 
| 125|0x000000008a300000, 0x000000008a400000, 0x000000008a400000|100%| E|CS|TAMS 0x000000008a300000, 0x000000008a300000| Complete 

Card table byte_map: [0x000001c54ef70000,0x000001c54f360000] _byte_map_base: 0x000001c54eb5d000

Marking Bits (Prev, Next): (CMBitMap*) 0x000001c5370652b8, (CMBitMap*) 0x000001c5370652f8
 Prev Bits: [0x000001c54f750000, 0x000001c5516b8000)
 Next Bits: [0x000001c5516c0000, 0x000001c553628000)

Polling page: 0x000001c534f00000

Metaspace:

Usage:
  Non-class:      4.21 MB capacity,     4.07 MB ( 97%) used,   129.26 KB (  3%) free+waste,    11.56 KB ( <1%) overhead. 
      Class:    568.00 KB capacity,   514.27 KB ( 91%) used,    46.48 KB (  8%) free+waste,     7.25 KB (  1%) overhead. 
       Both:      4.76 MB capacity,     4.57 MB ( 96%) used,   175.74 KB (  4%) free+waste,    18.81 KB ( <1%) overhead. 

Virtual space:
  Non-class space:        8.00 MB reserved,       4.25 MB ( 53%) committed 
      Class space:        1.00 GB reserved,     640.00 KB ( <1%) committed 
             Both:        1.01 GB reserved,       4.88 MB ( <1%) committed 

Chunk freelists:
   Non-Class:  1.00 KB
       Class:  8.00 KB
        Both:  9.00 KB

MaxMetaspaceSize: 17179869184.00 GB
CompressedClassSpaceSize: 1.00 GB

CodeHeap 'non-profiled nmethods': size=120000Kb used=215Kb max_used=215Kb free=119784Kb
 bounds [0x000001c546ff0000, 0x000001c547260000, 0x000001c54e520000]
CodeHeap 'profiled nmethods': size=120000Kb used=1147Kb max_used=1147Kb free=118852Kb
 bounds [0x000001c53fac0000, 0x000001c53fd30000, 0x000001c546ff0000]
CodeHeap 'non-nmethods': size=5760Kb used=1190Kb max_used=1205Kb free=4570Kb
 bounds [0x000001c53f520000, 0x000001c53f790000, 0x000001c53fac0000]
 total_blobs=1557 nmethods=707 adapters=357
 compilation: enabled
              stopped_count=0, restarted_count=0
 full_count=0

Compilation events (20 events):
Event: 1.759 Thread 0x000001c556b17800  697       3       Sort::swap (15 bytes)
Event: 1.759 Thread 0x000001c556b17800 nmethod 697 0x000001c53fbdc590 code [0x000001c53fbdc740, 0x000001c53fbdc8d8]
Event: 1.765 Thread 0x000001c556b17000  698       4       Sort::swap (15 bytes)
Event: 1.767 Thread 0x000001c556b17000 nmethod 698 0x000001c547024e90 code [0x000001c547025020, 0x000001c5470250d8]
Event: 1.774 Thread 0x000001c556b17800  699       3       java.nio.MappedByteBuffer::rewind (7 bytes)
Event: 1.775 Thread 0x000001c556b17800 nmethod 699 0x000001c53fbdca10 code [0x000001c53fbdcbc0, 0x000001c53fbdce18]
Event: 1.775 Thread 0x000001c556b17800  700       3       java.nio.ByteBuffer::rewind (7 bytes)
Event: 1.775 Thread 0x000001c556b17800 nmethod 700 0x000001c53fbdcf10 code [0x000001c53fbdd0c0, 0x000001c53fbdd2b8]
Event: 1.776 Thread 0x000001c556b17800  701       3       java.nio.MappedByteBuffer::rewind (5 bytes)
Event: 1.776 Thread 0x000001c556b17800 nmethod 701 0x000001c53fbdd390 code [0x000001c53fbdd540, 0x000001c53fbdd7f8]
Event: 1.776 Thread 0x000001c556b17800  702       1       java.nio.Buffer::capacity (5 bytes)
Event: 1.777 Thread 0x000001c556b17800 nmethod 702 0x000001c547025210 code [0x000001c5470253a0, 0x000001c5470254d8]
Event: 1.777 Thread 0x000001c556b17800  703       3       org.netbeans.lib.profiler.server.ThreadInfo::isProfilerServerThread (36 bytes)
Event: 1.777 Thread 0x000001c556b17800 nmethod 703 0x000001c53fbdd910 code [0x000001c53fbddac0, 0x000001c53fbddd98]
Event: 1.855 Thread 0x000001c556b17800  704       3       jdk.internal.misc.Unsafe::getLongUnaligned (173 bytes)
Event: 1.856 Thread 0x000001c556b17800 nmethod 704 0x000001c53fbdde90 code [0x000001c53fbde080, 0x000001c53fbde6c0]
Event: 1.871 Thread 0x000001c556b17800  705       1       java.lang.Thread::getId (5 bytes)
Event: 1.871 Thread 0x000001c556b17800 nmethod 705 0x000001c547025590 code [0x000001c547025720, 0x000001c547025858]
Event: 2.210 Thread 0x000001c556b17800  706       3       java.lang.Long::valueOf (40 bytes)
Event: 2.211 Thread 0x000001c556b17800 nmethod 706 0x000001c53fbde890 code [0x000001c53fbdea60, 0x000001c53fbdedf8]

GC Heap History (2 events):
Event: 1.715 GC heap before
{Heap before GC invocations=0 (full 0):
 garbage-first heap   total 129024K, used 25600K [0x0000000082600000, 0x0000000100000000)
  region size 1024K, 24 young (24576K), 0 survivors (0K)
 Metaspace       used 4606K, capacity 4867K, committed 4992K, reserved 1056768K
  class space    used 510K, capacity 568K, committed 640K, reserved 1048576K
}
Event: 1.724 GC heap after
{Heap after GC invocations=1 (full 0):
 garbage-first heap   total 129024K, used 4046K [0x0000000082600000, 0x0000000100000000)
  region size 1024K, 2 young (2048K), 2 survivors (2048K)
 Metaspace       used 4606K, capacity 4867K, committed 4992K, reserved 1056768K
  class space    used 510K, capacity 568K, committed 640K, reserved 1048576K
}

Deoptimization events (20 events):
Event: 1.756 Thread 0x000001c53701f800 DEOPT PACKING pc=0x000001c53fbdba1e sp=0x000000546ffff0b0
Event: 1.756 Thread 0x000001c53701f800 DEOPT UNPACKING pc=0x000001c53f56964e sp=0x000000546fffe580 mode 0
Event: 1.756 Thread 0x000001c53701f800 DEOPT PACKING pc=0x000001c53fbdba1e sp=0x000000546ffff0b0
Event: 1.756 Thread 0x000001c53701f800 DEOPT UNPACKING pc=0x000001c53f56964e sp=0x000000546fffe580 mode 0
Event: 1.756 Thread 0x000001c53701f800 DEOPT PACKING pc=0x000001c53fbdba1e sp=0x000000546ffff0b0
Event: 1.756 Thread 0x000001c53701f800 DEOPT UNPACKING pc=0x000001c53f56964e sp=0x000000546fffe580 mode 0
Event: 1.756 Thread 0x000001c53701f800 DEOPT PACKING pc=0x000001c53fbdba1e sp=0x000000546ffff0b0
Event: 1.756 Thread 0x000001c53701f800 DEOPT UNPACKING pc=0x000001c53f56964e sp=0x000000546fffe580 mode 0
Event: 1.757 Thread 0x000001c53701f800 DEOPT PACKING pc=0x000001c53fbdba1e sp=0x000000546ffff0b0
Event: 1.757 Thread 0x000001c53701f800 DEOPT UNPACKING pc=0x000001c53f56964e sp=0x000000546fffe580 mode 0
Event: 1.757 Thread 0x000001c53701f800 DEOPT PACKING pc=0x000001c53fbdba1e sp=0x000000546ffff0b0
Event: 1.757 Thread 0x000001c53701f800 DEOPT UNPACKING pc=0x000001c53f56964e sp=0x000000546fffe580 mode 0
Event: 1.757 Thread 0x000001c53701f800 DEOPT PACKING pc=0x000001c53fbdba1e sp=0x000000546ffff0b0
Event: 1.757 Thread 0x000001c53701f800 DEOPT UNPACKING pc=0x000001c53f56964e sp=0x000000546fffe580 mode 0
Event: 1.757 Thread 0x000001c53701f800 DEOPT PACKING pc=0x000001c53fbdba1e sp=0x000000546ffff0b0
Event: 1.757 Thread 0x000001c53701f800 DEOPT UNPACKING pc=0x000001c53f56964e sp=0x000000546fffe580 mode 0
Event: 1.757 Thread 0x000001c53701f800 DEOPT PACKING pc=0x000001c53fbdba1e sp=0x000000546ffff0b0
Event: 1.757 Thread 0x000001c53701f800 DEOPT UNPACKING pc=0x000001c53f56964e sp=0x000000546fffe580 mode 0
Event: 1.757 Thread 0x000001c53701f800 DEOPT PACKING pc=0x000001c53fbdba1e sp=0x000000546ffff0b0
Event: 1.757 Thread 0x000001c53701f800 DEOPT UNPACKING pc=0x000001c53f56964e sp=0x000000546fffe580 mode 0

Classes unloaded (0 events):
No events

Classes redefined (0 events):
No events

Internal exceptions (6 events):
Event: 0.464 Thread 0x000001c53701f800 Exception <a 'java/lang/NoSuchMethodError'{0x000000008a2a7458}: 'java.lang.Object java.lang.invoke.DirectMethodHandle$Holder.invokeStaticInit(java.lang.Object, java.lang.Object, java.lang.Object)'> (0x000000008a2a7458) 
thrown [t:/workspace/open/src/hotspot/share/interpreter/linkResolver.cpp, line 767]
Event: 0.501 Thread 0x000001c53701f800 Exception <a 'java/lang/NoSuchMethodError'{0x000000008a2d9260}: 'int java.lang.invoke.DirectMethodHandle$Holder.invokeInterface(java.lang.Object, java.lang.Object)'> (0x000000008a2d9260) 
thrown [t:/workspace/open/src/hotspot/share/interpreter/linkResolver.cpp, line 767]
Event: 0.502 Thread 0x000001c53701f800 Exception <a 'java/lang/IncompatibleClassChangeError'{0x000000008a2dbd68}: Found class java.lang.Object, but interface was expected> (0x000000008a2dbd68) 
thrown [t:/workspace/open/src/hotspot/share/interpreter/linkResolver.cpp, line 833]
Event: 0.758 Thread 0x000001c556c8d000 Exception <a 'java/lang/VerifyError'{0x000000008a1bb3b8}: Stack map does not match the one at exception handler 21
Exception Details:
  Location:
    org/netbeans/lib/profiler/ConstructorTest.<init>()V @21: astore_1
  Reason:
    Current frame's flags are not assignable to stack map frame's.
  Current Frame:
    bci: @0
    flags: { flagThisUninit }
    locals: { uninitializedThis }
    stack: { 'java/lang/Throwable' }
  Stackmap Frame:
    bci: @21
    flags: { }
    locals: { top }
    stack: { 'java/lan
Event: 1.004 Thread 0x000001c556c8d000 Exception <a 'java/lang/NoSuchMethodError'{0x000000008a1e81c0}: 'java.lang.Object java.lang.invoke.DirectMethodHandle$Holder.invokeStaticInit(java.lang.Object, int, int, int, int)'> (0x000000008a1e81c0) 
thrown [t:/workspace/open/src/hotspot/share/interpreter/linkResolver.cpp, line 767]
Event: 1.458 Thread 0x000001c556c8d000 Exception <a 'java/lang/NoSuchMethodError'{0x0000000089e4e7c0}: 'java.lang.Object java.lang.invoke.DirectMethodHandle$Holder.invokeStaticInit(java.lang.Object, java.lang.Object, int, int, int, int)'> (0x0000000089e4e7c0) 
thrown [t:/workspace/open/src/hotspot/share/interpreter/linkResolver.cpp, line 767]

Events (20 events):
Event: 2.409 Executing VM operation: GetAllStackTraces
Event: 2.410 Executing VM operation: GetAllStackTraces done
Event: 2.427 Executing VM operation: GetAllStackTraces
Event: 2.428 Executing VM operation: GetAllStackTraces done
Event: 2.443 Executing VM operation: GetAllStackTraces
Event: 2.443 Executing VM operation: GetAllStackTraces done
Event: 2.459 Executing VM operation: GetAllStackTraces
Event: 2.460 Executing VM operation: GetAllStackTraces done
Event: 2.477 Executing VM operation: GetAllStackTraces
Event: 2.478 Executing VM operation: GetAllStackTraces done
Event: 2.479 loading class org/netbeans/lib/profiler/wireprotocol/EventBufferDumpedCommand
Event: 2.479 loading class org/netbeans/lib/profiler/wireprotocol/EventBufferDumpedCommand done
Event: 2.493 Executing VM operation: GetAllStackTraces
Event: 2.494 Executing VM operation: GetAllStackTraces done
Event: 2.513 loading class org/netbeans/lib/profiler/wireprotocol/DumpResultsResponse
Event: 2.513 loading class org/netbeans/lib/profiler/wireprotocol/DumpResultsResponse done
Event: 2.513 Executing VM operation: GetAllStackTraces
Event: 2.514 Executing VM operation: GetAllStackTraces done
Event: 2.518 loading class org/netbeans/lib/profiler/wireprotocol/GetMethodNamesForJMethodIdsCommand
Event: 2.519 loading class org/netbeans/lib/profiler/wireprotocol/GetMethodNamesForJMethodIdsCommand done


Dynamic libraries:
0x00007ff79b060000 - 0x00007ff79b06f000 	C:\Program Files\Java\jdk-13.0.2\bin\java.exe
0x00007fff25930000 - 0x00007fff25b1d000 	C:\Windows\SYSTEM32\ntdll.dll
0x00007fff23fe0000 - 0x00007fff24093000 	C:\Windows\System32\KERNEL32.DLL
0x00007fff22560000 - 0x00007fff227f3000 	C:\Windows\System32\KERNELBASE.dll
0x00007fff22460000 - 0x00007fff2255a000 	C:\Windows\System32\ucrtbase.dll
0x00007fff14840000 - 0x00007fff14858000 	C:\Program Files\Java\jdk-13.0.2\bin\jli.dll
0x00007fff16a50000 - 0x00007fff16a65000 	C:\Program Files\Java\jdk-13.0.2\bin\VCRUNTIME140.dll
0x00007fff23330000 - 0x00007fff233d3000 	C:\Windows\System32\ADVAPI32.dll
0x00007fff23190000 - 0x00007fff2322e000 	C:\Windows\System32\msvcrt.dll
0x00007fff23290000 - 0x00007fff2332e000 	C:\Windows\System32\sechost.dll
0x00007fff23c10000 - 0x00007fff23d32000 	C:\Windows\System32\RPCRT4.dll
0x00007fff23d50000 - 0x00007fff23ee7000 	C:\Windows\System32\USER32.dll
0x00007fff219f0000 - 0x00007fff21a10000 	C:\Windows\System32\win32u.dll
0x00007fff23be0000 - 0x00007fff23c09000 	C:\Windows\System32\GDI32.dll
0x00007fff083d0000 - 0x00007fff08649000 	C:\Windows\WinSxS\amd64_microsoft.windows.common-controls_6595b64144ccf1df_6.0.17763.1039_none_de701650534c7021\COMCTL32.dll
0x00007fff22210000 - 0x00007fff223a9000 	C:\Windows\System32\gdi32full.dll
0x00007fff23800000 - 0x00007fff23b2c000 	C:\Windows\System32\combase.dll
0x00007fff229e0000 - 0x00007fff22a80000 	C:\Windows\System32\msvcp_win.dll
0x00007fff223e0000 - 0x00007fff2245e000 	C:\Windows\System32\bcryptPrimitives.dll
0x00007fff1aca0000 - 0x00007fff1acaa000 	C:\Windows\SYSTEM32\VERSION.dll
0x00007fff23580000 - 0x00007fff235ae000 	C:\Windows\System32\IMM32.DLL
0x00007fff100c0000 - 0x00007fff1015b000 	C:\Program Files\Java\jdk-13.0.2\bin\msvcp140.dll
0x00007ffecccd0000 - 0x00007ffecd82d000 	C:\Program Files\Java\jdk-13.0.2\bin\server\jvm.dll
0x00007fff22b50000 - 0x00007fff22b58000 	C:\Windows\System32\PSAPI.DLL
0x00007fff0fef0000 - 0x00007fff0fef9000 	C:\Windows\SYSTEM32\WSOCK32.dll
0x00007fff1f9b0000 - 0x00007fff1f9d4000 	C:\Windows\SYSTEM32\WINMM.dll
0x00007fff23510000 - 0x00007fff2357d000 	C:\Windows\System32\WS2_32.dll
0x00007fff1f980000 - 0x00007fff1f9ad000 	C:\Windows\SYSTEM32\WINMMBASE.dll
0x00007fff21a70000 - 0x00007fff21aba000 	C:\Windows\System32\cfgmgr32.dll
0x00007fff21920000 - 0x00007fff21931000 	C:\Windows\System32\kernel.appcore.dll
0x00007fff1b2f0000 - 0x00007fff1b300000 	C:\Program Files\Java\jdk-13.0.2\bin\verify.dll
0x00007fff174c0000 - 0x00007fff176ad000 	C:\Windows\SYSTEM32\DBGHELP.DLL
0x00007fff17360000 - 0x00007fff1738a000 	C:\Windows\SYSTEM32\dbgcore.DLL
0x00007fff15a40000 - 0x00007fff15a66000 	C:\Program Files\Java\jdk-13.0.2\bin\java.dll
0x00007fff14650000 - 0x00007fff1465f000 	C:\Program Files\NetBeans-11.2\netbeans\profiler\lib\deployed\jdk16\windows-amd64\profilerinterface.dll
0x00007fff15a20000 - 0x00007fff15a37000 	C:\Program Files\Java\jdk-13.0.2\bin\zip.dll
0x00007fff159f0000 - 0x00007fff159fa000 	C:\Program Files\Java\jdk-13.0.2\bin\jimage.dll
0x00007fff242c0000 - 0x00007fff257b4000 	C:\Windows\System32\SHELL32.dll
0x00007fff24210000 - 0x00007fff242b8000 	C:\Windows\System32\shcore.dll
0x00007fff21ac0000 - 0x00007fff2220d000 	C:\Windows\System32\windows.storage.dll
0x00007fff219c0000 - 0x00007fff219e4000 	C:\Windows\System32\profapi.dll
0x00007fff21960000 - 0x00007fff219bd000 	C:\Windows\System32\powrprof.dll
0x00007fff257c0000 - 0x00007fff25812000 	C:\Windows\System32\shlwapi.dll
0x00007fff22a80000 - 0x00007fff22a97000 	C:\Windows\System32\cryptsp.dll
0x00007fff14880000 - 0x00007fff14899000 	C:\Program Files\Java\jdk-13.0.2\bin\net.dll
0x00007fff152f0000 - 0x00007fff153e2000 	C:\Windows\SYSTEM32\WINHTTP.dll
0x00007fff21130000 - 0x00007fff21197000 	C:\Windows\system32\mswsock.dll
0x00007fff14860000 - 0x00007fff14873000 	C:\Program Files\Java\jdk-13.0.2\bin\nio.dll
0x00007fff1fbc0000 - 0x00007fff1fbc9000 	C:\Program Files\Java\jdk-13.0.2\bin\management.dll
0x00007fff1fbb0000 - 0x00007fff1fbbb000 	C:\Program Files\Java\jdk-13.0.2\bin\management_ext.dll
0x00007fff20cb0000 - 0x00007fff20ce3000 	C:\Windows\system32\rsaenh.dll
0x00007fff223b0000 - 0x00007fff223d6000 	C:\Windows\System32\bcrypt.dll
0x00007fff21850000 - 0x00007fff21878000 	C:\Windows\SYSTEM32\USERENV.dll
0x00007fff21300000 - 0x00007fff2130c000 	C:\Windows\SYSTEM32\CRYPTBASE.dll
0x00007fff20e50000 - 0x00007fff20e8d000 	C:\Windows\SYSTEM32\IPHLPAPI.DLL
0x00007fff237f0000 - 0x00007fff237f8000 	C:\Windows\System32\NSI.dll
0x00007fff1a2a0000 - 0x00007fff1a2b6000 	C:\Windows\SYSTEM32\dhcpcsvc6.DLL
0x00007fff1a4d0000 - 0x00007fff1a4ec000 	C:\Windows\SYSTEM32\dhcpcsvc.DLL
0x00007fff20e90000 - 0x00007fff20f56000 	C:\Windows\SYSTEM32\DNSAPI.dll

dbghelp: loaded successfully - version: 4.0.5 - missing functions: none
symbol engine: initialized successfully - sym options: 0x614 - pdb path: .;C:\Program Files\Java\jdk-13.0.2\bin;C:\Windows\SYSTEM32;C:\Windows\WinSxS\amd64_microsoft.windows.common-controls_6595b64144ccf1df_6.0.17763.1039_none_de701650534c7021;C:\Program Files\Java\jdk-13.0.2\bin\server;C:\Program Files\NetBeans-11.2\netbeans\profiler\lib\deployed\jdk16\windows-amd64

VM Arguments:
jvm_args: -agentpath:C:/Program Files/NetBeans-11.2/netbeans/profiler/lib/deployed/jdk16/windows-amd64/profilerinterface.dll=C:\Program Files\NetBeans-11.2\netbeans\profiler\lib,5140,10 -XX:+HeapDumpOnOutOfMemoryError -XX:HeapDumpPath=C:\Users\Danilo\Documents\NetBeansProjects\SortingProfiler\nbproject\private\profiler 
java_command: Main
java_class_path (initial): C:\Users\Danilo\Documents\NetBeansProjects\SortingProfiler\target\classes
Launcher Type: SUN_STANDARD

[Global flags]
     intx CICompilerCount                          = 4                                         {product} {ergonomic}
     uint ConcGCThreads                            = 3                                         {product} {ergonomic}
     uint G1ConcRefinementThreads                  = 10                                        {product} {ergonomic}
   size_t G1HeapRegionSize                         = 1048576                                   {product} {ergonomic}
    uintx GCDrainStackTargetSize                   = 64                                        {product} {ergonomic}
     bool HeapDumpOnOutOfMemoryError               = true                                   {manageable} {command line}
    ccstr HeapDumpPath                             = C:\Users\Danilo\Documents\NetBeansProjects\SortingProfiler\nbproject\private\profiler         {manageable} {command line}
   size_t InitialHeapSize                          = 132120576                                 {product} {ergonomic}
   size_t MarkStackSize                            = 4194304                                   {product} {ergonomic}
   size_t MaxHeapSize                              = 2107637760                                {product} {ergonomic}
   size_t MaxNewSize                               = 1264582656                                {product} {ergonomic}
   size_t MinHeapDeltaBytes                        = 1048576                                   {product} {ergonomic}
   size_t MinHeapSize                              = 8388608                                   {product} {ergonomic}
    uintx NonNMethodCodeHeapSize                   = 5839372                                {pd product} {ergonomic}
    uintx NonProfiledCodeHeapSize                  = 122909434                              {pd product} {ergonomic}
    uintx ProfiledCodeHeapSize                     = 122909434                              {pd product} {ergonomic}
    uintx ReservedCodeCacheSize                    = 251658240                              {pd product} {ergonomic}
     bool SegmentedCodeCache                       = true                                      {product} {ergonomic}
   size_t SoftMaxHeapSize                          = 2107637760                             {manageable} {ergonomic}
     bool UseCompressedClassPointers               = true                                 {lp64_product} {ergonomic}
     bool UseCompressedOops                        = true                                 {lp64_product} {ergonomic}
     bool UseG1GC                                  = true                                      {product} {ergonomic}
     bool UseLargePagesIndividualAllocation        = false                                  {pd product} {ergonomic}

Logging:
Log output configuration:
 #0: stdout all=warning uptime,level,tags
 #1: stderr all=off uptime,level,tags

Environment Variables:
JAVA_HOME=C:\Program Files\Java\jdk-13.0.2
PATH=C:\ProgramData\Oracle\Java\javapath;C:\Windows\system32;C:\Windows;C:\Windows\System32\Wbem;C:\Windows\System32\WindowsPowerShell\v1.0\;C:\Windows\System32\OpenSSH\;C:\Program Files (x86)\NVIDIA Corporation\PhysX\Common;C:\Program Files\NVIDIA Corporation\NVIDIA NvDLISR;C:\Program Files\Intel\WiFi\bin\;C:\Program Files\Common Files\Intel\WirelessCommon\;C:\Program Files\Git\cmd;C:\Program Files\Java\jdk-13.0.2\bin;C:\Program Files\Java\jdk-13.0.2\bin;C:\Users\Danilo\AppData\Local\Microsoft\WindowsApps;C:\Users\Danilo\AppData\Local\Programs\Microsoft VS Code\bin;C:\Users\Danilo\AppData\Local\GitHubDesktop\bin;
USERNAME=Danilo
OS=Windows_NT
PROCESSOR_IDENTIFIER=Intel64 Family 6 Model 158 Stepping 10, GenuineIntel



---------------  S Y S T E M  ---------------

OS: Windows 10 , 64 bit Build 17763 (10.0.17763.475)

CPU:total 12 (initial active 12) (6 cores per cpu, 2 threads per core) family 6 model 158 stepping 10, cmov, cx8, fxsr, mmx, sse, sse2, sse3, ssse3, sse4.1, sse4.2, popcnt, avx, avx2, aes, clmul, erms, 3dnowpref, lzcnt, ht, tsc, tscinvbit, bmi1, bmi2, adx, fma

Memory: 4k page, system-wide physical 8037M (3161M free)
TotalPageFile size 9957M (AvailPageFile size 2411M)
current process WorkingSet (physical memory assigned to process): 75M, peak: 75M
current process commit charge ("private bytes"): 226M, peak: 229M

vm_info: Java HotSpot(TM) 64-Bit Server VM (13.0.2+8) for windows-amd64 JRE (13.0.2+8), built on Dec 11 2019 09:20:33 by "mach5one" with unknown MS VC++:1916

END.
